2024-07-19 09:45:29.048 [info] Log level: Info
2024-07-19 09:45:29.048 [info] Validating found git in: "git"
2024-07-19 09:45:29.048 [info] Using git "2.25.1" from "git"
2024-07-19 09:45:29.048 [info] > git rev-parse --show-toplevel [3ms]
2024-07-19 09:45:29.048 [info] fatal: not a git repository (or any of the parent directories): .git
2024-07-19 09:45:29.048 [info] > git rev-parse --show-toplevel [2ms]
2024-07-19 09:45:29.048 [info] fatal: not a git repository (or any of the parent directories): .git
2024-07-19 09:45:29.048 [info] > git rev-parse --show-toplevel [1ms]
2024-07-19 09:45:29.048 [info] fatal: not a git repository (or any of the parent directories): .git
2024-07-19 09:45:29.048 [info] > git rev-parse --show-toplevel [1ms]
2024-07-19 09:45:29.048 [info] fatal: not a git repository (or any of the parent directories): .git
2024-07-19 09:45:29.048 [info] > git rev-parse --show-toplevel [2ms]
2024-07-19 09:45:29.048 [info] fatal: not a git repository (or any of the parent directories): .git
2024-07-19 09:45:29.048 [info] > git rev-parse --show-toplevel [1ms]
2024-07-19 09:45:29.048 [info] fatal: not a git repository (or any of the parent directories): .git
2024-07-19 09:45:29.048 [info] > git rev-parse --show-toplevel [1ms]
2024-07-19 09:45:29.048 [info] fatal: not a git repository (or any of the parent directories): .git
2024-07-19 09:45:29.048 [info] > git rev-parse --show-toplevel [1ms]
2024-07-19 09:45:29.048 [info] fatal: not a git repository (or any of the parent directories): .git
2024-07-19 09:45:29.048 [info] > git rev-parse --show-toplevel [1ms]
2024-07-19 09:45:29.048 [info] fatal: not a git repository (or any of the parent directories): .git
2024-07-19 09:45:29.768 [info] > git rev-parse --show-toplevel [6ms]
2024-07-19 09:45:29.768 [info] fatal: not a git repository (or any of the parent directories): .git
2024-07-19 09:45:51.370 [info] > git rev-parse --show-toplevel [1ms]
2024-07-19 09:45:51.370 [info] fatal: not a git repository (or any of the parent directories): .git
2024-07-19 09:46:36.741 [info] > git rev-parse --show-toplevel [3ms]
2024-07-19 09:46:36.741 [info] fatal: not a git repository (or any of the parent directories): .git
2024-07-19 09:46:42.747 [info] > git rev-parse --show-toplevel [2ms]
2024-07-19 09:46:42.747 [info] fatal: not a git repository (or any of the parent directories): .git
2024-07-19 09:49:36.350 [info] > git rev-parse --show-toplevel [1ms]
2024-07-19 09:49:36.350 [info] fatal: not a git repository (or any of the parent directories): .git
2024-07-19 09:49:48.732 [info] > git rev-parse --show-toplevel [1ms]
2024-07-19 09:49:48.732 [info] fatal: not a git repository (or any of the parent directories): .git
2024-07-19 09:49:49.338 [info] > git rev-parse --show-toplevel [1ms]
2024-07-19 09:49:49.339 [info] fatal: not a git repository (or any of the parent directories): .git
2024-07-19 09:51:03.217 [info] > git rev-parse --show-toplevel [2ms]
2024-07-19 09:51:03.218 [info] fatal: not a git repository (or any of the parent directories): .git
2024-07-19 09:51:14.397 [info] > git rev-parse --show-toplevel [2ms]
2024-07-19 09:51:14.397 [info] fatal: not a git repository (or any of the parent directories): .git
2024-07-19 09:51:39.641 [info] > git rev-parse --show-toplevel [1ms]
2024-07-19 09:51:39.641 [info] fatal: not a git repository (or any of the parent directories): .git
2024-07-19 09:52:12.738 [info] > git rev-parse --show-toplevel [1ms]
2024-07-19 09:52:12.738 [info] fatal: not a git repository (or any of the parent directories): .git
2024-07-19 09:52:14.024 [info] > git rev-parse --show-toplevel [2ms]
2024-07-19 09:52:14.024 [info] fatal: not a git repository (or any of the parent directories): .git
2024-07-19 09:52:50.155 [info] > git rev-parse --show-toplevel [1ms]
2024-07-19 09:52:50.155 [info] fatal: not a git repository (or any of the parent directories): .git
2024-07-19 09:52:54.678 [info] > git rev-parse --show-toplevel [2ms]
2024-07-19 09:52:54.678 [info] fatal: not a git repository (or any of the parent directories): .git
2024-07-19 09:53:18.501 [info] > git rev-parse --show-toplevel [2ms]
2024-07-19 09:53:18.501 [info] fatal: not a git repository (or any of the parent directories): .git
2024-07-19 09:58:41.512 [info] > git rev-parse --show-toplevel [1ms]
2024-07-19 09:58:41.512 [info] fatal: not a git repository (or any of the parent directories): .git
2024-07-19 09:58:42.031 [info] > git rev-parse --show-toplevel [1ms]
2024-07-19 09:58:42.031 [info] fatal: not a git repository (or any of the parent directories): .git
2024-07-19 09:59:38.825 [info] > git rev-parse --show-toplevel [1ms]
2024-07-19 09:59:38.826 [info] fatal: not a git repository (or any of the parent directories): .git
2024-07-19 10:00:19.912 [info] > git rev-parse --show-toplevel [2ms]
2024-07-19 10:00:19.912 [info] fatal: not a git repository (or any of the parent directories): .git
2024-07-19 10:01:35.143 [info] > git rev-parse --show-toplevel [1ms]
2024-07-19 10:01:35.143 [info] fatal: not a git repository (or any of the parent directories): .git
2024-07-19 10:18:47.504 [info] > git rev-parse --show-toplevel [1ms]
2024-07-19 10:18:47.504 [info] fatal: not a git repository (or any of the parent directories): .git
2024-07-19 10:19:07.524 [info] > git rev-parse --show-toplevel [1ms]
2024-07-19 10:19:07.524 [info] fatal: not a git repository (or any of the parent directories): .git
2024-07-19 10:19:23.052 [info] > git rev-parse --show-toplevel [1ms]
2024-07-19 10:19:23.052 [info] fatal: not a git repository (or any of the parent directories): .git
2024-07-19 10:20:11.435 [info] > git rev-parse --show-toplevel [1ms]
2024-07-19 10:20:11.435 [info] fatal: not a git repository (or any of the parent directories): .git
2024-07-19 10:33:36.507 [info] > git rev-parse --show-toplevel [2ms]
2024-07-19 10:33:36.507 [info] fatal: not a git repository (or any of the parent directories): .git
2024-07-19 10:33:42.935 [info] > git rev-parse --show-toplevel [2ms]
2024-07-19 10:33:42.935 [info] fatal: not a git repository (or any of the parent directories): .git
2024-07-19 10:34:49.028 [info] > git rev-parse --show-toplevel [1ms]
2024-07-19 10:34:49.028 [info] fatal: not a git repository (or any of the parent directories): .git
2024-07-19 10:36:18.433 [info] > git rev-parse --show-toplevel [2ms]
2024-07-19 10:36:18.433 [info] fatal: not a git repository (or any of the parent directories): .git
2024-07-19 10:36:31.777 [info] > git rev-parse --show-toplevel [2ms]
2024-07-19 10:36:31.777 [info] fatal: not a git repository (or any of the parent directories): .git
2024-07-19 10:36:36.453 [info] > git rev-parse --show-toplevel [2ms]
2024-07-19 10:36:36.453 [info] fatal: not a git repository (or any of the parent directories): .git
2024-07-19 10:36:36.980 [info] > git rev-parse --show-toplevel [26ms]
2024-07-19 10:36:36.980 [info] fatal: not a git repository (or any of the parent directories): .git
2024-07-19 10:36:37.745 [info] > git rev-parse --show-toplevel [2ms]
2024-07-19 10:36:37.745 [info] fatal: not a git repository (or any of the parent directories): .git
2024-07-19 10:37:49.294 [info] > git rev-parse --show-toplevel [2ms]
2024-07-19 10:37:49.294 [info] fatal: not a git repository (or any of the parent directories): .git
2024-07-19 10:38:28.978 [info] > git rev-parse --show-toplevel [1ms]
2024-07-19 10:38:28.978 [info] fatal: not a git repository (or any of the parent directories): .git
2024-07-19 10:54:34.423 [info] > git rev-parse --show-toplevel [2ms]
2024-07-19 10:54:34.423 [info] fatal: not a git repository (or any of the parent directories): .git
2024-07-19 10:55:25.879 [info] > git rev-parse --show-toplevel [2ms]
2024-07-19 10:55:25.879 [info] fatal: not a git repository (or any of the parent directories): .git
2024-07-19 10:57:11.790 [info] > git rev-parse --show-toplevel [2ms]
2024-07-19 10:57:11.790 [info] fatal: not a git repository (or any of the parent directories): .git
2024-07-19 10:57:18.179 [info] > git rev-parse --show-toplevel [2ms]
2024-07-19 10:57:18.179 [info] fatal: not a git repository (or any of the parent directories): .git
2024-07-19 10:58:03.228 [info] > git rev-parse --show-toplevel [2ms]
2024-07-19 10:58:03.228 [info] fatal: not a git repository (or any of the parent directories): .git
2024-07-19 10:58:55.907 [info] > git rev-parse --show-toplevel [2ms]
2024-07-19 10:58:55.907 [info] fatal: not a git repository (or any of the parent directories): .git
2024-07-19 10:59:33.270 [info] > git rev-parse --show-toplevel [2ms]
2024-07-19 10:59:33.270 [info] fatal: not a git repository (or any of the parent directories): .git
2024-07-19 11:00:56.733 [info] > git rev-parse --show-toplevel [1ms]
2024-07-19 11:00:56.734 [info] fatal: not a git repository (or any of the parent directories): .git
2024-07-19 11:01:16.584 [info] > git rev-parse --show-toplevel [1ms]
2024-07-19 11:01:16.584 [info] fatal: not a git repository (or any of the parent directories): .git
2024-07-19 11:03:59.291 [info] > git rev-parse --show-toplevel [2ms]
2024-07-19 11:03:59.291 [info] fatal: not a git repository (or any of the parent directories): .git
2024-07-19 11:04:49.017 [info] > git rev-parse --show-toplevel [1ms]
2024-07-19 11:04:49.017 [info] fatal: not a git repository (or any of the parent directories): .git
2024-07-19 11:11:02.164 [info] > git rev-parse --show-toplevel [1ms]
2024-07-19 11:11:02.164 [info] fatal: not a git repository (or any of the parent directories): .git
2024-07-19 11:12:22.605 [info] > git rev-parse --show-toplevel [1ms]
2024-07-19 11:12:22.605 [info] fatal: not a git repository (or any of the parent directories): .git
2024-07-19 11:16:50.330 [info] > git rev-parse --show-toplevel [1ms]
2024-07-19 11:16:50.330 [info] fatal: not a git repository (or any of the parent directories): .git
2024-07-19 11:19:13.666 [info] > git rev-parse --show-toplevel [2ms]
2024-07-19 11:19:13.666 [info] fatal: not a git repository (or any of the parent directories): .git
2024-07-19 11:19:16.112 [info] > git rev-parse --show-toplevel [2ms]
2024-07-19 11:19:16.112 [info] fatal: not a git repository (or any of the parent directories): .git
2024-07-19 11:19:23.769 [info] > git rev-parse --show-toplevel [1ms]
2024-07-19 11:19:23.769 [info] fatal: not a git repository (or any of the parent directories): .git
2024-07-19 11:19:24.206 [info] > git rev-parse --show-toplevel [27ms]
2024-07-19 11:19:24.206 [info] fatal: not a git repository (or any of the parent directories): .git
2024-07-19 11:19:55.652 [info] > git rev-parse --show-toplevel [1ms]
2024-07-19 11:19:55.652 [info] fatal: not a git repository (or any of the parent directories): .git
2024-07-19 11:20:45.056 [info] > git rev-parse --show-toplevel [2ms]
2024-07-19 11:20:45.056 [info] fatal: not a git repository (or any of the parent directories): .git
2024-07-19 11:21:29.210 [info] > git rev-parse --show-toplevel [2ms]
2024-07-19 11:21:29.210 [info] fatal: not a git repository (or any of the parent directories): .git
2024-07-19 11:21:38.959 [info] > git rev-parse --show-toplevel [1ms]
2024-07-19 11:21:38.959 [info] fatal: not a git repository (or any of the parent directories): .git
2024-07-19 11:23:01.262 [info] > git rev-parse --show-toplevel [2ms]
2024-07-19 11:23:01.262 [info] fatal: not a git repository (or any of the parent directories): .git
2024-07-19 11:23:06.613 [info] > git rev-parse --show-toplevel [2ms]
2024-07-19 11:23:06.613 [info] fatal: not a git repository (or any of the parent directories): .git
2024-07-19 11:24:14.008 [info] > git rev-parse --show-toplevel [2ms]
2024-07-19 11:24:14.008 [info] fatal: not a git repository (or any of the parent directories): .git
2024-07-19 11:26:41.424 [info] > git rev-parse --show-toplevel [1ms]
2024-07-19 11:26:41.424 [info] fatal: not a git repository (or any of the parent directories): .git
2024-07-19 11:28:14.720 [info] > git rev-parse --show-toplevel [1ms]
2024-07-19 11:28:14.720 [info] fatal: not a git repository (or any of the parent directories): .git
2024-07-19 11:28:17.308 [info] > git rev-parse --show-toplevel [1ms]
2024-07-19 11:28:17.308 [info] fatal: not a git repository (or any of the parent directories): .git
2024-07-19 11:28:19.480 [info] > git rev-parse --show-toplevel [1ms]
2024-07-19 11:28:19.480 [info] fatal: not a git repository (or any of the parent directories): .git
2024-07-19 11:29:44.743 [info] > git rev-parse --show-toplevel [1ms]
2024-07-19 11:29:44.743 [info] fatal: not a git repository (or any of the parent directories): .git
2024-07-19 11:29:47.249 [info] > git rev-parse --show-toplevel [4ms]
2024-07-19 11:29:47.249 [info] fatal: not a git repository (or any of the parent directories): .git
2024-07-19 11:30:04.275 [info] > git rev-parse --show-toplevel [1ms]
2024-07-19 11:30:04.275 [info] fatal: not a git repository (or any of the parent directories): .git
2024-07-19 11:37:08.601 [info] > git rev-parse --show-toplevel [2ms]
2024-07-19 11:37:08.601 [info] fatal: not a git repository (or any of the parent directories): .git
2024-07-19 11:37:27.486 [info] > git rev-parse --show-toplevel [2ms]
2024-07-19 11:37:27.486 [info] fatal: not a git repository (or any of the parent directories): .git
2024-07-19 11:37:27.991 [info] > git rev-parse --show-toplevel [1ms]
2024-07-19 11:37:27.991 [info] fatal: not a git repository (or any of the parent directories): .git
2024-07-19 11:39:22.639 [info] > git rev-parse --show-toplevel [1ms]
2024-07-19 11:39:22.639 [info] fatal: not a git repository (or any of the parent directories): .git
2024-07-19 11:40:28.106 [info] > git rev-parse --show-toplevel [1ms]
2024-07-19 11:40:28.106 [info] fatal: not a git repository (or any of the parent directories): .git
2024-07-19 12:07:52.466 [info] > git rev-parse --show-toplevel [2ms]
2024-07-19 12:07:52.466 [info] fatal: not a git repository (or any of the parent directories): .git
2024-07-19 12:21:40.358 [info] > git rev-parse --show-toplevel [1ms]
2024-07-19 12:21:40.358 [info] fatal: not a git repository (or any of the parent directories): .git
2024-07-19 13:17:10.242 [info] Log level: Info
2024-07-19 13:17:10.242 [info] Validating found git in: "git"
2024-07-19 13:17:10.242 [info] Using git "2.25.1" from "git"
2024-07-19 13:17:10.242 [info] > git rev-parse --show-toplevel [27ms]
2024-07-19 13:17:10.242 [info] fatal: not a git repository (or any of the parent directories): .git
2024-07-19 13:17:10.242 [info] > git rev-parse --show-toplevel [2ms]
2024-07-19 13:17:10.242 [info] fatal: not a git repository (or any of the parent directories): .git
2024-07-19 13:17:10.243 [info] > git rev-parse --show-toplevel [2ms]
2024-07-19 13:17:10.243 [info] fatal: not a git repository (or any of the parent directories): .git
2024-07-19 13:17:10.248 [info] > git rev-parse --show-toplevel [1ms]
2024-07-19 13:17:10.248 [info] fatal: not a git repository (or any of the parent directories): .git
2024-07-19 13:17:10.252 [info] > git rev-parse --show-toplevel [1ms]
2024-07-19 13:17:10.252 [info] fatal: not a git repository (or any of the parent directories): .git
2024-07-19 13:17:10.256 [info] > git rev-parse --show-toplevel [1ms]
2024-07-19 13:17:10.256 [info] fatal: not a git repository (or any of the parent directories): .git
2024-07-19 13:17:10.261 [info] > git rev-parse --show-toplevel [2ms]
2024-07-19 13:17:10.261 [info] fatal: not a git repository (or any of the parent directories): .git
2024-07-19 13:17:10.265 [info] > git rev-parse --show-toplevel [1ms]
2024-07-19 13:17:10.265 [info] fatal: not a git repository (or any of the parent directories): .git
2024-07-19 13:17:10.270 [info] > git rev-parse --show-toplevel [1ms]
2024-07-19 13:17:10.270 [info] fatal: not a git repository (or any of the parent directories): .git
2024-07-19 13:18:56.682 [info] > git rev-parse --show-toplevel [2ms]
2024-07-19 13:18:56.682 [info] fatal: not a git repository (or any of the parent directories): .git
2024-07-19 13:27:09.964 [info] > git rev-parse --show-toplevel [1ms]
2024-07-19 13:27:09.965 [info] fatal: not a git repository (or any of the parent directories): .git
2024-07-19 13:30:23.524 [info] > git rev-parse --show-toplevel [1ms]
2024-07-19 13:30:23.524 [info] fatal: not a git repository (or any of the parent directories): .git
2024-07-19 13:30:37.444 [info] > git rev-parse --show-toplevel [2ms]
2024-07-19 13:30:37.444 [info] fatal: not a git repository (or any of the parent directories): .git
2024-07-19 13:41:58.368 [info] > git rev-parse --show-toplevel [2ms]
2024-07-19 13:41:58.368 [info] fatal: not a git repository (or any of the parent directories): .git
2024-07-19 13:42:03.622 [info] > git rev-parse --show-toplevel [1ms]
2024-07-19 13:42:03.622 [info] fatal: not a git repository (or any of the parent directories): .git
2024-07-19 13:46:16.448 [info] > git rev-parse --show-toplevel [2ms]
2024-07-19 13:46:16.448 [info] fatal: not a git repository (or any of the parent directories): .git
2024-07-19 13:46:16.965 [info] > git rev-parse --show-toplevel [1ms]
2024-07-19 13:46:16.965 [info] fatal: not a git repository (or any of the parent directories): .git
2024-07-19 13:50:00.392 [info] > git rev-parse --show-toplevel [2ms]
2024-07-19 13:50:00.392 [info] fatal: not a git repository (or any of the parent directories): .git
2024-07-19 13:50:04.821 [info] > git rev-parse --show-toplevel [1ms]
2024-07-19 13:50:04.821 [info] fatal: not a git repository (or any of the parent directories): .git
2024-07-19 13:55:47.043 [info] > git rev-parse --show-toplevel [2ms]
2024-07-19 13:55:47.043 [info] fatal: not a git repository (or any of the parent directories): .git
2024-07-19 13:55:52.006 [info] > git rev-parse --show-toplevel [2ms]
2024-07-19 13:55:52.006 [info] fatal: not a git repository (or any of the parent directories): .git
2024-07-19 13:57:28.440 [info] > git rev-parse --show-toplevel [2ms]
2024-07-19 13:57:28.440 [info] fatal: not a git repository (or any of the parent directories): .git
2024-07-19 13:57:33.842 [info] > git rev-parse --show-toplevel [1ms]
2024-07-19 13:57:33.842 [info] fatal: not a git repository (or any of the parent directories): .git
2024-07-19 13:58:32.600 [info] > git rev-parse --show-toplevel [1ms]
2024-07-19 13:58:32.600 [info] fatal: not a git repository (or any of the parent directories): .git
2024-07-19 14:02:04.234 [info] > git rev-parse --show-toplevel [1ms]
2024-07-19 14:02:04.234 [info] fatal: not a git repository (or any of the parent directories): .git
2024-07-19 14:09:10.368 [info] > git rev-parse --show-toplevel [1ms]
2024-07-19 14:09:10.369 [info] fatal: not a git repository (or any of the parent directories): .git
2024-07-19 14:10:56.987 [info] > git rev-parse --show-toplevel [2ms]
2024-07-19 14:10:56.987 [info] fatal: not a git repository (or any of the parent directories): .git
2024-07-19 14:14:56.934 [info] > git rev-parse --show-toplevel [1ms]
2024-07-19 14:14:56.934 [info] fatal: not a git repository (or any of the parent directories): .git
2024-07-19 14:15:08.378 [info] > git rev-parse --show-toplevel [2ms]
2024-07-19 14:15:08.378 [info] fatal: not a git repository (or any of the parent directories): .git
2024-07-19 14:16:46.099 [info] > git rev-parse --show-toplevel [1ms]
2024-07-19 14:16:46.099 [info] fatal: not a git repository (or any of the parent directories): .git
2024-07-19 14:20:26.305 [info] > git rev-parse --show-toplevel [2ms]
2024-07-19 14:20:26.305 [info] fatal: not a git repository (or any of the parent directories): .git
2024-07-19 14:20:33.495 [info] > git rev-parse --show-toplevel [1ms]
2024-07-19 14:20:33.495 [info] fatal: not a git repository (or any of the parent directories): .git
2024-07-19 14:20:42.327 [info] > git rev-parse --show-toplevel [1ms]
2024-07-19 14:20:42.327 [info] fatal: not a git repository (or any of the parent directories): .git
2024-07-19 14:21:18.395 [info] > git rev-parse --show-toplevel [1ms]
2024-07-19 14:21:18.395 [info] fatal: not a git repository (or any of the parent directories): .git
2024-07-19 14:21:58.953 [info] > git rev-parse --show-toplevel [1ms]
2024-07-19 14:21:58.953 [info] fatal: not a git repository (or any of the parent directories): .git
2024-07-19 14:22:10.149 [info] > git rev-parse --show-toplevel [1ms]
2024-07-19 14:22:10.149 [info] fatal: not a git repository (or any of the parent directories): .git
2024-07-19 14:23:09.276 [info] > git rev-parse --show-toplevel [2ms]
2024-07-19 14:23:09.276 [info] fatal: not a git repository (or any of the parent directories): .git
2024-07-19 14:25:37.781 [info] > git rev-parse --show-toplevel [1ms]
2024-07-19 14:25:37.781 [info] fatal: not a git repository (or any of the parent directories): .git
2024-07-19 14:25:41.969 [info] > git rev-parse --show-toplevel [2ms]
2024-07-19 14:25:41.969 [info] fatal: not a git repository (or any of the parent directories): .git
2024-07-19 14:27:15.262 [info] > git rev-parse --show-toplevel [1ms]
2024-07-19 14:27:15.262 [info] fatal: not a git repository (or any of the parent directories): .git
2024-07-19 14:28:14.962 [info] > git rev-parse --show-toplevel [1ms]
2024-07-19 14:28:14.962 [info] fatal: not a git repository (or any of the parent directories): .git
2024-07-19 14:28:25.178 [info] > git rev-parse --show-toplevel [1ms]
2024-07-19 14:28:25.178 [info] fatal: not a git repository (or any of the parent directories): .git
2024-07-19 14:28:58.496 [info] > git rev-parse --show-toplevel [1ms]
2024-07-19 14:28:58.496 [info] fatal: not a git repository (or any of the parent directories): .git
2024-07-19 14:29:52.984 [info] > git rev-parse --show-toplevel [1ms]
2024-07-19 14:29:52.984 [info] fatal: not a git repository (or any of the parent directories): .git
2024-07-19 14:33:47.939 [info] > git rev-parse --show-toplevel [2ms]
2024-07-19 14:33:47.939 [info] fatal: not a git repository (or any of the parent directories): .git
2024-07-19 14:34:24.771 [info] > git rev-parse --show-toplevel [1ms]
2024-07-19 14:34:24.771 [info] fatal: not a git repository (or any of the parent directories): .git
2024-07-19 14:34:26.187 [info] > git rev-parse --show-toplevel [1ms]
2024-07-19 14:34:26.187 [info] fatal: not a git repository (or any of the parent directories): .git
2024-07-19 14:36:43.863 [info] > git rev-parse --show-toplevel [2ms]
2024-07-19 14:36:43.863 [info] fatal: not a git repository (or any of the parent directories): .git
2024-07-19 14:36:55.995 [info] > git rev-parse --show-toplevel [2ms]
2024-07-19 14:36:55.995 [info] fatal: not a git repository (or any of the parent directories): .git
2024-07-19 14:38:21.029 [info] > git rev-parse --show-toplevel [1ms]
2024-07-19 14:38:21.030 [info] fatal: not a git repository (or any of the parent directories): .git
2024-07-19 14:38:26.784 [info] > git rev-parse --show-toplevel [1ms]
2024-07-19 14:38:26.784 [info] fatal: not a git repository (or any of the parent directories): .git
2024-07-19 14:40:17.027 [info] > git rev-parse --show-toplevel [2ms]
2024-07-19 14:40:17.027 [info] fatal: not a git repository (or any of the parent directories): .git
2024-07-19 14:40:31.793 [info] > git rev-parse --show-toplevel [1ms]
2024-07-19 14:40:31.793 [info] fatal: not a git repository (or any of the parent directories): .git
2024-07-19 14:40:48.054 [info] > git rev-parse --show-toplevel [1ms]
2024-07-19 14:40:48.054 [info] fatal: not a git repository (or any of the parent directories): .git
2024-07-19 14:41:15.294 [info] > git rev-parse --show-toplevel [2ms]
2024-07-19 14:41:15.294 [info] fatal: not a git repository (or any of the parent directories): .git
2024-07-19 14:44:26.144 [info] > git rev-parse --show-toplevel [1ms]
2024-07-19 14:44:26.144 [info] fatal: not a git repository (or any of the parent directories): .git
2024-07-19 14:44:37.574 [info] > git rev-parse --show-toplevel [1ms]
2024-07-19 14:44:37.574 [info] fatal: not a git repository (or any of the parent directories): .git
2024-07-19 14:46:12.038 [info] > git rev-parse --show-toplevel [1ms]
2024-07-19 14:46:12.038 [info] fatal: not a git repository (or any of the parent directories): .git
2024-07-19 14:46:21.033 [info] > git rev-parse --show-toplevel [1ms]
2024-07-19 14:46:21.033 [info] fatal: not a git repository (or any of the parent directories): .git
2024-07-19 14:47:37.982 [info] > git rev-parse --show-toplevel [1ms]
2024-07-19 14:47:37.982 [info] fatal: not a git repository (or any of the parent directories): .git
2024-07-19 14:47:40.699 [info] > git rev-parse --show-toplevel [1ms]
2024-07-19 14:47:40.699 [info] fatal: not a git repository (or any of the parent directories): .git
2024-07-19 14:47:52.306 [info] > git rev-parse --show-toplevel [1ms]
2024-07-19 14:47:52.306 [info] fatal: not a git repository (or any of the parent directories): .git
2024-07-19 14:48:28.331 [info] > git rev-parse --show-toplevel [1ms]
2024-07-19 14:48:28.331 [info] fatal: not a git repository (or any of the parent directories): .git
2024-07-19 14:49:18.652 [info] > git rev-parse --show-toplevel [1ms]
2024-07-19 14:49:18.653 [info] fatal: not a git repository (or any of the parent directories): .git
2024-07-19 14:49:24.639 [info] > git rev-parse --show-toplevel [1ms]
2024-07-19 14:49:24.639 [info] fatal: not a git repository (or any of the parent directories): .git
2024-07-19 14:54:04.011 [info] > git rev-parse --show-toplevel [1ms]
2024-07-19 14:54:04.017 [info] > git rev-parse --git-dir --git-common-dir [1ms]
2024-07-19 14:54:04.026 [info] Open repository: /home/khatun.avetisyan
2024-07-19 14:54:04.038 [info] No remotes found in the git config file.
2024-07-19 14:54:04.038 [info] > git config --get commit.template [7ms]
2024-07-19 14:54:04.038 [info] > git for-each-ref --format=%(refname)%00%(upstream:short)%00%(objectname)%00%(upstream:track)%00%(upstream:remotename)%00%(upstream:remoteref) refs/heads/master refs/remotes/master [2ms]
2024-07-19 14:54:04.039 [warning] No such branch: master.
2024-07-19 14:54:04.146 [info] > git status -z -uall [103ms] (cancelled)
2024-07-19 14:54:04.646 [info] > git check-ignore -v -z --stdin [1ms]
2024-07-19 14:54:04.752 [info] > git show --textconv :company_info.log [5ms]
2024-07-19 14:54:04.753 [info] > git ls-files --stage -- /home/khatun.avetisyan/company_info.log [2ms]
2024-07-19 14:54:36.582 [info] > git ls-files --stage -- /home/khatun.avetisyan/company_info.log [2ms]
2024-07-19 14:54:36.659 [info] > git show --textconv :company_info.log [2ms]
2024-07-19 14:55:29.770 [info] > git ls-files --stage -- /home/khatun.avetisyan/company_info.log [5ms]
2024-07-19 14:55:29.775 [info] > git cat-file -s cba444be3f73e254b94409b4a12b8b461b7cae5d [1ms]
2024-07-19 14:55:29.856 [info] > git show --textconv :company_info.log [6ms]
2024-07-19 14:55:56.889 [info] > git ls-files --stage -- /home/khatun.avetisyan/company_info.log [6ms]
2024-07-19 14:55:56.894 [info] > git cat-file -s cba444be3f73e254b94409b4a12b8b461b7cae5d [1ms]
2024-07-19 14:55:56.976 [info] > git show --textconv :company_info.log [6ms]
2024-07-19 14:56:50.249 [info] > git check-ignore -v -z --stdin [6ms]
2024-07-19 14:57:07.722 [info] > git ls-files --stage -- /home/khatun.avetisyan/company_info.log [7ms]
2024-07-19 14:57:07.730 [info] > git cat-file -s cba444be3f73e254b94409b4a12b8b461b7cae5d [2ms]
2024-07-19 14:57:07.836 [info] > git show --textconv :company_info.log [13ms]
2024-07-19 14:57:16.512 [info] > git ls-files --stage -- /home/khatun.avetisyan/company_info.log [5ms]
2024-07-19 14:57:16.517 [info] > git cat-file -s cba444be3f73e254b94409b4a12b8b461b7cae5d [2ms]
2024-07-19 14:57:16.628 [info] > git show --textconv :company_info.log [5ms]
2024-07-19 14:57:38.463 [info] > git ls-files --stage -- /home/khatun.avetisyan/company_info.log [5ms]
2024-07-19 14:57:38.468 [info] > git cat-file -s cba444be3f73e254b94409b4a12b8b461b7cae5d [1ms]
2024-07-19 14:57:38.549 [info] > git show --textconv :company_info.log [5ms]
