2024-07-19 14:49:20,188 - INFO - Fetching data from URLs...
2024-07-19 14:49:20,189 - INFO - Fetching data from: https://www.spyur.am/en/companies/kompass-armenia-representative-of-kompasscom-system-in-armenia/6959
2024-07-19 14:49:23,326 - INFO - Fetching data from: https://www.spyur.am/en/companies/control-print-printing-house/25336/
2024-07-19 14:49:24,287 - INFO - Fetching data from: https://www.spyur.am/en/companies/printingam-printing-house/43149/
2024-07-19 14:49:26,114 - INFO - Fetching data from: https://www.spyur.am/en/companies/sparsis-marketing-company/45689/
2024-07-19 14:49:26,960 - INFO - Fetching data from: https://www.spyur.am/en/companies/haf-haf-pet-chain-store/29077
2024-07-19 14:49:29,011 - INFO - Fetching data from: https://www.spyur.am/en/companies/happy-print-printing-house/34896
2024-07-19 14:49:31,247 - INFO - Fetching data from: https://www.spyur.am/en/companies/print-box-printing-house/36232
2024-07-19 14:49:32,238 - INFO - Fetching data from: https://www.spyur.am/en/companies/yerevan-audit-consult/6331
2024-07-19 14:49:33,301 - INFO - Fetching data from: https://www.spyur.am/en/companies/international-logistics-group-international-cargo-transportation-company/40608
2024-07-19 14:49:34,313 - INFO - Fetching data from: https://www.spyur.am/en/companies/touch-print-printing-house/47533
2024-07-19 14:49:36,307 - INFO - Fetching data from: https://www.spyur.am/en/companies/silk-road-logistic-international-cargo-transportation-company/55047
2024-07-19 14:49:37,199 - INFO - Fetching product data from: https://www.spyur.am/en/companies/kompass-armenia-representative-of-kompasscom-system-in-armenia/6959
2024-07-19 14:49:38,132 - INFO - Fetching product data from: https://www.spyur.am/en/companies/control-print-printing-house/25336/
2024-07-19 14:49:39,604 - INFO - Fetching product data from: https://www.spyur.am/en/companies/printingam-printing-house/43149/
2024-07-19 14:49:40,286 - INFO - Fetching product data from: https://www.spyur.am/en/companies/sparsis-marketing-company/45689/
2024-07-19 14:49:40,978 - INFO - Fetching product data from: https://www.spyur.am/en/companies/haf-haf-pet-chain-store/29077
2024-07-19 14:49:42,260 - INFO - Fetching product data from: https://www.spyur.am/en/companies/happy-print-printing-house/34896
2024-07-19 14:49:43,386 - INFO - Fetching product data from: https://www.spyur.am/en/companies/print-box-printing-house/36232
2024-07-19 14:49:45,559 - INFO - Fetching product data from: https://www.spyur.am/en/companies/yerevan-audit-consult/6331
2024-07-19 14:49:47,498 - INFO - Fetching product data from: https://www.spyur.am/en/companies/international-logistics-group-international-cargo-transportation-company/40608
2024-07-19 14:49:48,333 - INFO - Fetching product data from: https://www.spyur.am/en/companies/touch-print-printing-house/47533
2024-07-19 14:49:49,093 - INFO - Fetching product data from: https://www.spyur.am/en/companies/silk-road-logistic-international-cargo-transportation-company/55047
2024-07-19 14:49:49,830 - INFO - Fetching activity data from: https://www.spyur.am/en/companies/kompass-armenia-representative-of-kompasscom-system-in-armenia/6959
2024-07-19 14:49:50,401 - INFO - Fetching activity data from: https://www.spyur.am/en/companies/control-print-printing-house/25336/
2024-07-19 14:49:51,041 - INFO - Fetching activity data from: https://www.spyur.am/en/companies/printingam-printing-house/43149/
2024-07-19 14:49:51,931 - INFO - Fetching activity data from: https://www.spyur.am/en/companies/sparsis-marketing-company/45689/
2024-07-19 14:49:52,492 - INFO - Fetching activity data from: https://www.spyur.am/en/companies/haf-haf-pet-chain-store/29077
2024-07-19 14:49:53,441 - INFO - Fetching activity data from: https://www.spyur.am/en/companies/happy-print-printing-house/34896
2024-07-19 14:49:54,409 - INFO - Fetching activity data from: https://www.spyur.am/en/companies/print-box-printing-house/36232
2024-07-19 14:49:55,435 - INFO - Fetching activity data from: https://www.spyur.am/en/companies/yerevan-audit-consult/6331
2024-07-19 14:49:56,447 - INFO - Fetching activity data from: https://www.spyur.am/en/companies/international-logistics-group-international-cargo-transportation-company/40608
2024-07-19 14:49:57,491 - INFO - Fetching activity data from: https://www.spyur.am/en/companies/touch-print-printing-house/47533
2024-07-19 14:50:00,577 - INFO - Fetching activity data from: https://www.spyur.am/en/companies/silk-road-logistic-international-cargo-transportation-company/55047
2024-07-19 14:50:02,774 - INFO - Data scraping for company info completed successfully.
2024-07-19 14:50:04,107 - INFO - Data scraping for company products completed successfully.
2024-07-19 14:50:05,177 - INFO - Data scraping for company activities completed successfully.
