2024-07-19 11:39:38,611 - INFO - Processing batch 1 with URLs ['https://www.spyur.am/en/companies/kompass-armenia-representative-of-kompasscom-system-in-armenia/6959', 'https://www.spyur.am/en/companies/control-print-printing-house/25336/', 'https://www.spyur.am/en/companies/printingam-printing-house/43149/', 'https://www.spyur.am/en/companies/sparsis-marketing-company/45689/', 'https://www.spyur.am/en/companies/haf-haf-pet-chain-store/29077']
2024-07-19 11:39:38,611 - INFO - Fetching data from: https://www.spyur.am/en/companies/kompass-armenia-representative-of-kompasscom-system-in-armenia/6959
2024-07-19 11:39:40,264 - INFO - Fetching data from: https://www.spyur.am/en/companies/control-print-printing-house/25336/
2024-07-19 11:39:42,163 - INFO - Fetching data from: https://www.spyur.am/en/companies/printingam-printing-house/43149/
2024-07-19 11:39:43,166 - INFO - Fetching data from: https://www.spyur.am/en/companies/sparsis-marketing-company/45689/
2024-07-19 11:39:44,123 - INFO - Fetching data from: https://www.spyur.am/en/companies/haf-haf-pet-chain-store/29077
2024-07-19 11:39:45,209 - INFO - Fetching product data from: https://www.spyur.am/en/companies/kompass-armenia-representative-of-kompasscom-system-in-armenia/6959
2024-07-19 11:39:46,099 - INFO - Fetching product data from: https://www.spyur.am/en/companies/control-print-printing-house/25336/
2024-07-19 11:39:46,955 - INFO - Fetching product data from: https://www.spyur.am/en/companies/printingam-printing-house/43149/
2024-07-19 11:39:47,583 - INFO - Fetching product data from: https://www.spyur.am/en/companies/sparsis-marketing-company/45689/
2024-07-19 11:39:48,434 - INFO - Fetching product data from: https://www.spyur.am/en/companies/haf-haf-pet-chain-store/29077
2024-07-19 11:39:50,756 - INFO - Fetching activity data from: https://www.spyur.am/en/companies/kompass-armenia-representative-of-kompasscom-system-in-armenia/6959
2024-07-19 11:39:52,419 - INFO - Fetching activity data from: https://www.spyur.am/en/companies/control-print-printing-house/25336/
2024-07-19 11:39:53,426 - INFO - Fetching activity data from: https://www.spyur.am/en/companies/printingam-printing-house/43149/
2024-07-19 11:39:54,405 - INFO - Fetching activity data from: https://www.spyur.am/en/companies/sparsis-marketing-company/45689/
2024-07-19 11:39:55,224 - INFO - Fetching activity data from: https://www.spyur.am/en/companies/haf-haf-pet-chain-store/29077
2024-07-19 11:39:55,945 - INFO - DataFrame saved to company_info table in MySQL successfully.
2024-07-19 11:39:55,957 - INFO - DataFrame saved to executive_info table in MySQL successfully.
2024-07-19 11:39:55,970 - INFO - DataFrame saved to contacts table in MySQL successfully.
2024-07-19 11:39:56,000 - INFO - DataFrame saved to company_products table in MySQL successfully.
2024-07-19 11:39:56,031 - INFO - DataFrame saved to products table in MySQL successfully.
2024-07-19 11:39:56,062 - INFO - DataFrame saved to company_activities table in MySQL successfully.
2024-07-19 11:39:56,097 - INFO - DataFrame saved to activities table in MySQL successfully.
2024-07-19 11:39:56,097 - INFO - Processing batch 2 with URLs ['https://www.spyur.am/en/companies/happy-print-printing-house/34896', 'https://www.spyur.am/en/companies/print-box-printing-house/36232', 'https://www.spyur.am/en/companies/yerevan-audit-consult/6331', 'https://www.spyur.am/en/companies/international-logistics-group-international-cargo-transportation-company/40608', 'https://www.spyur.am/en/companies/touch-print-printing-house/47533']
2024-07-19 11:39:56,097 - INFO - Fetching data from: https://www.spyur.am/en/companies/happy-print-printing-house/34896
2024-07-19 11:39:58,071 - INFO - Fetching data from: https://www.spyur.am/en/companies/print-box-printing-house/36232
2024-07-19 11:40:00,967 - INFO - Fetching data from: https://www.spyur.am/en/companies/yerevan-audit-consult/6331
2024-07-19 11:40:02,868 - INFO - Fetching data from: https://www.spyur.am/en/companies/international-logistics-group-international-cargo-transportation-company/40608
2024-07-19 11:40:03,932 - INFO - Fetching data from: https://www.spyur.am/en/companies/touch-print-printing-house/47533
2024-07-19 11:40:05,847 - INFO - Fetching product data from: https://www.spyur.am/en/companies/happy-print-printing-house/34896
2024-07-19 11:40:07,718 - INFO - Fetching product data from: https://www.spyur.am/en/companies/print-box-printing-house/36232
2024-07-19 11:40:08,523 - INFO - Fetching product data from: https://www.spyur.am/en/companies/yerevan-audit-consult/6331
2024-07-19 11:40:09,274 - INFO - Fetching product data from: https://www.spyur.am/en/companies/international-logistics-group-international-cargo-transportation-company/40608
2024-07-19 11:40:10,437 - INFO - Fetching product data from: https://www.spyur.am/en/companies/touch-print-printing-house/47533
2024-07-19 11:40:11,204 - INFO - Fetching activity data from: https://www.spyur.am/en/companies/happy-print-printing-house/34896
2024-07-19 11:40:11,958 - INFO - Fetching activity data from: https://www.spyur.am/en/companies/print-box-printing-house/36232
2024-07-19 11:40:14,175 - INFO - Fetching activity data from: https://www.spyur.am/en/companies/yerevan-audit-consult/6331
2024-07-19 11:40:16,012 - INFO - Fetching activity data from: https://www.spyur.am/en/companies/international-logistics-group-international-cargo-transportation-company/40608
2024-07-19 11:40:17,173 - INFO - Fetching activity data from: https://www.spyur.am/en/companies/touch-print-printing-house/47533
2024-07-19 11:40:18,130 - INFO - DataFrame saved to company_info table in MySQL successfully.
2024-07-19 11:40:18,141 - INFO - DataFrame saved to executive_info table in MySQL successfully.
2024-07-19 11:40:18,152 - INFO - DataFrame saved to contacts table in MySQL successfully.
2024-07-19 11:40:18,180 - INFO - DataFrame saved to company_products table in MySQL successfully.
2024-07-19 11:40:18,206 - INFO - DataFrame saved to products table in MySQL successfully.
2024-07-19 11:40:18,232 - INFO - DataFrame saved to company_activities table in MySQL successfully.
2024-07-19 11:40:18,260 - INFO - DataFrame saved to activities table in MySQL successfully.
2024-07-19 11:40:18,260 - INFO - Processing batch 3 with URLs ['https://www.spyur.am/en/companies/silk-road-logistic-international-cargo-transportation-company/55047']
2024-07-19 11:40:18,260 - INFO - Fetching data from: https://www.spyur.am/en/companies/silk-road-logistic-international-cargo-transportation-company/55047
2024-07-19 11:40:19,257 - INFO - Fetching product data from: https://www.spyur.am/en/companies/silk-road-logistic-international-cargo-transportation-company/55047
2024-07-19 11:40:19,991 - INFO - Fetching activity data from: https://www.spyur.am/en/companies/silk-road-logistic-international-cargo-transportation-company/55047
2024-07-19 11:40:21,524 - INFO - DataFrame saved to company_info table in MySQL successfully.
2024-07-19 11:40:21,535 - INFO - DataFrame saved to executive_info table in MySQL successfully.
2024-07-19 11:40:21,546 - INFO - DataFrame saved to contacts table in MySQL successfully.
2024-07-19 11:40:21,562 - INFO - DataFrame saved to company_products table in MySQL successfully.
2024-07-19 11:40:21,576 - INFO - DataFrame saved to products table in MySQL successfully.
2024-07-19 11:40:21,590 - INFO - DataFrame saved to company_activities table in MySQL successfully.
2024-07-19 11:40:21,606 - INFO - DataFrame saved to activities table in MySQL successfully.