2024-07-19 09:45:28.953 [info] Experiment 'pythonCreateEnvOnPipInstall' is active
2024-07-19 09:45:28.953 [info] Experiment 'pythonRecommendTensorboardExt' is active
2024-07-19 09:45:28.953 [info] Experiment 'pythonTerminalEnvVarActivation' is active
2024-07-19 09:45:28.953 [info] Experiment 'pythonTestAdapter' is active
2024-07-19 09:45:28.953 [error] Reading directory to watch failed [Error: ENOENT: no such file or directory, scandir '/home/khatun.avetisyan/.pixi/envs'
	at Object.readdirSync (node:fs:1515:26)
	at /home/khatun.avetisyan/.vscode-server/extensions/ms-python.python-2024.10.0-linux-x64/out/client/extension.js:2:574598
	at /home/khatun.avetisyan/.vscode-server/extensions/ms-python.python-2024.10.0-linux-x64/out/client/extension.js:2:574789
	at Array.map (<anonymous>)
	at d.initWatchers (/home/khatun.avetisyan/.vscode-server/extensions/ms-python.python-2024.10.0-linux-x64/out/client/extension.js:2:574507)
	at process.processTicksAndRejections (node:internal/process/task_queues:95:5)
	at async d.ensureWatchersReady (/home/khatun.avetisyan/.vscode-server/extensions/ms-python.python-2024.10.0-linux-x64/out/client/extension.js:2:536827)] {
  errno: -2,
  code: 'ENOENT',
  syscall: 'scandir',
  path: '/home/khatun.avetisyan/.pixi/envs'
}
2024-07-19 09:45:28.953 [error] Dir "/home/khatun.avetisyan/.pixi/envs" is not watchable (directory does not exist)
2024-07-19 09:45:28.953 [info] Default formatter is set to null for workspace /home/khatun.avetisyan
2024-07-19 09:45:28.953 [info] Python interpreter path: ./.venv/bin/python
2024-07-19 09:45:29.046 [info] > pyenv which python
2024-07-19 09:45:29.046 [info] cwd: .
2024-07-19 09:45:29.440 [info] > pixi --version
2024-07-19 09:45:29.441 [error] [Error: spawn pixi ENOENT
	at ChildProcess._handle.onexit (node:internal/child_process:286:19)
	at onErrorNT (node:internal/child_process:484:16)
	at process.processTicksAndRejections (node:internal/process/task_queues:82:21)] {
  errno: -2,
  code: 'ENOENT',
  syscall: 'spawn pixi',
  path: 'pixi',
  spawnargs: [ '--version' ]
}
2024-07-19 09:45:29.441 [warning] could not find a pixi interpreter for the interpreter at /home/khatun.avetisyan/.venv/bin/python
2024-07-19 09:45:29.598 [info] > . ./.venv/bin/activate && echo 'e8b39361-0157-4923-80e1-22d70d46dee6' && python ./.vscode-server/extensions/ms-python.python-2024.10.0-linux-x64/python_files/printEnvVariables.py
2024-07-19 09:45:29.598 [info] shell: bash
2024-07-19 09:45:29.623 [info] > /usr/bin/python3 ./.vscode-server/extensions/ms-python.python-2024.10.0-linux-x64/python_files/printEnvVariables.py
2024-07-19 09:45:29.623 [info] shell: bash
2024-07-19 09:45:29.649 [info] Setting environment variable VIRTUAL_ENV in collection to /home/khatun.avetisyan/.venv {"applyAtShellIntegration":true,"applyAtProcessCreation":true}
2024-07-19 09:45:29.649 [info] Prepending environment variable PS1 in collection with (.venv)  {"applyAtShellIntegration":true,"applyAtProcessCreation":false}
2024-07-19 09:45:29.649 [info] Prepending environment variable PATH in collection with /home/khatun.avetisyan/.vscode-server/extensions/ms-python.python-2024.10.0-linux-x64/python_files/deactivate/bash:/home/khatun.avetisyan/.venv/bin: {"applyAtShellIntegration":true,"applyAtProcessCreation":true}
2024-07-19 09:45:29.650 [info] Send text to terminal: /usr/bin/python3 /home/khatun.avetisyan/.vscode-server/extensions/ms-python.python-2024.10.0-linux-x64/python_files/printEnvVariablesToFile.py /home/khatun.avetisyan/.vscode-server/extensions/ms-python.python-2024.10.0-linux-x64/python_files/deactivate/bash/envVars.txt
2024-07-19 09:45:31.135 [info] Starting Pylance language server.
2024-07-19 09:45:41.137 [info] Send text to terminal: /home/khatun.avetisyan/.venv/bin/python "/home/khatun.avetisyan/Spyur's codes/utils.py"
2024-07-19 09:45:41.282 [info] CreateEnv Trigger - Skipping for /home/khatun.avetisyan/Spyur's codes/utils.py
2024-07-19 09:51:12.039 [info] Discover tests for workspace name: khatun.avetisyan - uri: /home/khatun.avetisyan/Spyur's codes/main.py
2024-07-19 09:51:34.678 [info] Discover tests for workspace name: khatun.avetisyan - uri: /home/khatun.avetisyan/Spyur's codes/utils.py
2024-07-19 09:51:52.693 [info] Discover tests for workspace name: khatun.avetisyan - uri: /home/khatun.avetisyan/Spyur's codes/main.py
2024-07-19 09:51:54.339 [info] Send text to terminal: /home/khatun.avetisyan/.venv/bin/python "/home/khatun.avetisyan/Spyur's codes/main.py"
2024-07-19 10:18:46.345 [info] Discover tests for workspace name: khatun.avetisyan - uri: /home/khatun.avetisyan/Spyur's codes/utils.py
2024-07-19 10:36:18.026 [info] Discover tests for workspace name: khatun.avetisyan - uri: /home/khatun.avetisyan/Spyur's codes/main.py
2024-07-19 10:36:19.462 [info] Discover tests for workspace name: khatun.avetisyan - uri: /home/khatun.avetisyan/Spyur's codes/utils.py
2024-07-19 10:36:30.871 [info] Discover tests for workspace name: khatun.avetisyan - uri: /home/khatun.avetisyan/Spyur's codes/utils.py
2024-07-19 10:36:34.953 [info] Discover tests for workspace name: khatun.avetisyan - uri: /home/khatun.avetisyan/Spyur's codes/main.py
2024-07-19 10:57:09.698 [info] Discover tests for workspace name: khatun.avetisyan - uri: /home/khatun.avetisyan/Spyur's codes/main.py
2024-07-19 10:57:13.833 [info] Discover tests for workspace name: khatun.avetisyan - uri: /home/khatun.avetisyan/Spyur's codes/utils.py
2024-07-19 10:57:32.589 [info] Discover tests for workspace name: khatun.avetisyan - uri: /home/khatun.avetisyan/Spyur's codes/main.py
2024-07-19 10:57:38.041 [info] Send text to terminal: /home/khatun.avetisyan/.venv/bin/python "/home/khatun.avetisyan/Spyur's codes/main.py"
2024-07-19 10:59:08.956 [info] Send text to terminal: /home/khatun.avetisyan/.venv/bin/python "/home/khatun.avetisyan/Spyur's codes/main.py"
2024-07-19 10:59:09.132 [info] Discover tests for workspace name: khatun.avetisyan - uri: /home/khatun.avetisyan/Spyur's codes/main.py
2024-07-19 11:00:58.468 [info] Send text to terminal: /home/khatun.avetisyan/.venv/bin/python "/home/khatun.avetisyan/Spyur's codes/main.py"
2024-07-19 11:04:29.618 [info] Send text to terminal: /home/khatun.avetisyan/.venv/bin/python "/home/khatun.avetisyan/Spyur's codes/main.py"
2024-07-19 11:04:29.795 [info] Discover tests for workspace name: khatun.avetisyan - uri: /home/khatun.avetisyan/Spyur's codes/main.py
2024-07-19 11:21:37.700 [info] Discover tests for workspace name: khatun.avetisyan - uri: /home/khatun.avetisyan/Spyur's codes/main.py
2024-07-19 11:21:48.270 [info] Discover tests for workspace name: khatun.avetisyan - uri: /home/khatun.avetisyan/Spyur's codes/utils.py
2024-07-19 11:24:12.878 [info] Discover tests for workspace name: khatun.avetisyan - uri: /home/khatun.avetisyan/Spyur's codes/utils.py
2024-07-19 11:24:16.019 [info] Send text to terminal: /home/khatun.avetisyan/.venv/bin/python "/home/khatun.avetisyan/Spyur's codes/main.py"
2024-07-19 11:24:16.196 [info] Discover tests for workspace name: khatun.avetisyan - uri: /home/khatun.avetisyan/Spyur's codes/main.py
2024-07-19 11:26:08.637 [info] Discover tests for workspace name: khatun.avetisyan - uri: /home/khatun.avetisyan/Spyur's codes/main.py
2024-07-19 11:26:17.463 [info] Send text to terminal: /home/khatun.avetisyan/.venv/bin/python "/home/khatun.avetisyan/Spyur's codes/main.py"
2024-07-19 11:28:19.054 [info] Discover tests for workspace name: khatun.avetisyan - uri: /home/khatun.avetisyan/Spyur's codes/utils.py
2024-07-19 11:28:20.413 [info] Discover tests for workspace name: khatun.avetisyan - uri: /home/khatun.avetisyan/Spyur's codes/main.py
2024-07-19 11:28:21.716 [info] Send text to terminal: /home/khatun.avetisyan/.venv/bin/python "/home/khatun.avetisyan/Spyur's codes/main.py"
2024-07-19 11:39:37.948 [info] Send text to terminal: /home/khatun.avetisyan/.venv/bin/python "/home/khatun.avetisyan/Spyur's codes/main.py"
2024-07-19 11:39:38.125 [info] Discover tests for workspace name: khatun.avetisyan - uri: /home/khatun.avetisyan/Spyur's codes/main.py
2024-07-19 13:17:09.409 [info] Experiment 'pythonCreateEnvOnPipInstall' is active
2024-07-19 13:17:09.409 [info] Experiment 'pythonRecommendTensorboardExt' is active
2024-07-19 13:17:09.409 [info] Experiment 'pythonTerminalEnvVarActivation' is active
2024-07-19 13:17:09.410 [info] Experiment 'pythonTestAdapter' is active
2024-07-19 13:17:09.410 [error] Reading directory to watch failed [Error: ENOENT: no such file or directory, scandir '/home/khatun.avetisyan/.pixi/envs'
	at Object.readdirSync (node:fs:1515:26)
	at /home/khatun.avetisyan/.vscode-server/extensions/ms-python.python-2024.10.0-linux-x64/out/client/extension.js:2:574598
	at /home/khatun.avetisyan/.vscode-server/extensions/ms-python.python-2024.10.0-linux-x64/out/client/extension.js:2:574789
	at Array.map (<anonymous>)
	at d.initWatchers (/home/khatun.avetisyan/.vscode-server/extensions/ms-python.python-2024.10.0-linux-x64/out/client/extension.js:2:574507)
	at process.processTicksAndRejections (node:internal/process/task_queues:95:5)
	at async d.ensureWatchersReady (/home/khatun.avetisyan/.vscode-server/extensions/ms-python.python-2024.10.0-linux-x64/out/client/extension.js:2:536827)] {
  errno: -2,
  code: 'ENOENT',
  syscall: 'scandir',
  path: '/home/khatun.avetisyan/.pixi/envs'
}
2024-07-19 13:17:09.410 [error] Dir "/home/khatun.avetisyan/.pixi/envs" is not watchable (directory does not exist)
2024-07-19 13:17:09.475 [info] Default formatter is set to null for workspace /home/khatun.avetisyan
2024-07-19 13:17:09.836 [info] Python interpreter path: ./.venv/bin/python
2024-07-19 13:17:09.953 [info] > pyenv which python
2024-07-19 13:17:09.953 [info] cwd: .
2024-07-19 13:17:10.068 [info] > pixi --version
2024-07-19 13:17:10.069 [error] [Error: spawn pixi ENOENT
	at ChildProcess._handle.onexit (node:internal/child_process:286:19)
	at onErrorNT (node:internal/child_process:484:16)
	at process.processTicksAndRejections (node:internal/process/task_queues:82:21)] {
  errno: -2,
  code: 'ENOENT',
  syscall: 'spawn pixi',
  path: 'pixi',
  spawnargs: [ '--version' ]
}
2024-07-19 13:17:10.069 [warning] could not find a pixi interpreter for the interpreter at /home/khatun.avetisyan/.venv/bin/python
2024-07-19 13:17:10.328 [info] > . ./.venv/bin/activate && echo 'e8b39361-0157-4923-80e1-22d70d46dee6' && python ./.vscode-server/extensions/ms-python.python-2024.10.0-linux-x64/python_files/printEnvVariables.py
2024-07-19 13:17:10.328 [info] shell: bash
2024-07-19 13:17:10.354 [info] > /usr/bin/python3 ./.vscode-server/extensions/ms-python.python-2024.10.0-linux-x64/python_files/printEnvVariables.py
2024-07-19 13:17:10.354 [info] shell: bash
2024-07-19 13:17:10.381 [info] Setting environment variable VIRTUAL_ENV in collection to /home/khatun.avetisyan/.venv {"applyAtShellIntegration":true,"applyAtProcessCreation":true}
2024-07-19 13:17:10.381 [info] Prepending environment variable PS1 in collection with (.venv)  {"applyAtShellIntegration":true,"applyAtProcessCreation":false}
2024-07-19 13:17:10.381 [info] Prepending environment variable PATH in collection with /home/khatun.avetisyan/.vscode-server/extensions/ms-python.python-2024.10.0-linux-x64/python_files/deactivate/bash:/home/khatun.avetisyan/.venv/bin: {"applyAtShellIntegration":true,"applyAtProcessCreation":true}
2024-07-19 13:17:10.382 [info] Send text to terminal: /usr/bin/python3 /home/khatun.avetisyan/.vscode-server/extensions/ms-python.python-2024.10.0-linux-x64/python_files/printEnvVariablesToFile.py /home/khatun.avetisyan/.vscode-server/extensions/ms-python.python-2024.10.0-linux-x64/python_files/deactivate/bash/envVars.txt
2024-07-19 13:17:11.407 [info] Starting Pylance language server.
2024-07-19 13:42:01.329 [info] Send text to terminal: /home/khatun.avetisyan/.venv/bin/python "/home/khatun.avetisyan/Spyur's codes/main.py"
2024-07-19 13:42:01.429 [info] CreateEnv Trigger - Skipping for /home/khatun.avetisyan/Spyur's codes/main.py
2024-07-19 13:50:01.957 [info] Send text to terminal: /home/khatun.avetisyan/.venv/bin/python "/home/khatun.avetisyan/Spyur's codes/main.py"
2024-07-19 13:55:48.440 [info] Send text to terminal: /home/khatun.avetisyan/.venv/bin/python "/home/khatun.avetisyan/Spyur's codes/main.py"
2024-07-19 13:57:29.902 [info] Send text to terminal: /home/khatun.avetisyan/.venv/bin/python "/home/khatun.avetisyan/Spyur's codes/main.py"
2024-07-19 14:14:58.786 [info] Send text to terminal: /home/khatun.avetisyan/.venv/bin/python "/home/khatun.avetisyan/Spyur's codes/main.py"
2024-07-19 14:14:58.864 [info] Discover tests for workspace name: khatun.avetisyan - uri: /home/khatun.avetisyan/Spyur's codes/main.py
2024-07-19 14:16:49.854 [info] Send text to terminal: /home/khatun.avetisyan/.venv/bin/python "/home/khatun.avetisyan/Spyur's codes/main.py"
2024-07-19 14:20:30.820 [info] Discover tests for workspace name: khatun.avetisyan - uri: /home/khatun.avetisyan/Spyur's codes/utils.py
2024-07-19 14:20:36.193 [info] Discover tests for workspace name: khatun.avetisyan - uri: /home/khatun.avetisyan/Spyur's codes/main.py
2024-07-19 14:20:37.364 [info] Send text to terminal: /home/khatun.avetisyan/.venv/bin/python "/home/khatun.avetisyan/Spyur's codes/main.py"
2024-07-19 14:22:00.943 [info] Send text to terminal: /home/khatun.avetisyan/.venv/bin/python "/home/khatun.avetisyan/Spyur's codes/main.py"
2024-07-19 14:23:43.870 [info] Discover tests for workspace name: khatun.avetisyan - uri: /home/khatun.avetisyan/Spyur's codes/utils.py
2024-07-19 14:28:28.427 [info] Send text to terminal: /home/khatun.avetisyan/.venv/bin/python "/home/khatun.avetisyan/Spyur's codes/main.py"
2024-07-19 14:28:28.507 [info] Discover tests for workspace name: khatun.avetisyan - uri: /home/khatun.avetisyan/Spyur's codes/main.py
2024-07-19 14:28:52.382 [info] Discover tests for workspace name: khatun.avetisyan - uri: /home/khatun.avetisyan/Spyur's codes/main.py
2024-07-19 14:28:53.603 [info] Send text to terminal: /home/khatun.avetisyan/.venv/bin/python "/home/khatun.avetisyan/Spyur's codes/main.py"
2024-07-19 14:29:55.255 [info] Discover tests for workspace name: khatun.avetisyan - uri: /home/khatun.avetisyan/Spyur's codes/utils.py
2024-07-19 14:33:49.473 [info] Send text to terminal: /home/khatun.avetisyan/.venv/bin/python "/home/khatun.avetisyan/Spyur's codes/main.py"
2024-07-19 14:38:22.321 [info] Send text to terminal: /home/khatun.avetisyan/.venv/bin/python "/home/khatun.avetisyan/Spyur's codes/main.py"
2024-07-19 14:40:18.325 [info] Send text to terminal: /home/khatun.avetisyan/.venv/bin/python "/home/khatun.avetisyan/Spyur's codes/main.py"
2024-07-19 14:44:27.563 [info] Send text to terminal: /home/khatun.avetisyan/.venv/bin/python "/home/khatun.avetisyan/Spyur's codes/main.py"
2024-07-19 14:47:36.927 [info] Discover tests for workspace name: khatun.avetisyan - uri: /home/khatun.avetisyan/Spyur's codes/main.py
2024-07-19 14:47:39.713 [info] Discover tests for workspace name: khatun.avetisyan - uri: /home/khatun.avetisyan/Spyur's codes/utils.py
2024-07-19 14:47:41.982 [info] Send text to terminal: /home/khatun.avetisyan/.venv/bin/python "/home/khatun.avetisyan/Spyur's codes/main.py"
2024-07-19 14:49:18.317 [info] Discover tests for workspace name: khatun.avetisyan - uri: /home/khatun.avetisyan/Spyur's codes/utils.py
2024-07-19 14:49:19.682 [info] Send text to terminal: /home/khatun.avetisyan/.venv/bin/python "/home/khatun.avetisyan/Spyur's codes/main.py"
