2024-07-19 08:40:59.471 [info] Experiment 'pythonCreateEnvOnPipInstall' is active
2024-07-19 08:40:59.471 [info] Experiment 'pythonRecommendTensorboardExt' is active
2024-07-19 08:40:59.471 [info] Experiment 'pythonTerminalEnvVarActivation' is active
2024-07-19 08:40:59.471 [info] Experiment 'pythonTestAdapter' is active
2024-07-19 08:40:59.471 [error] Reading directory to watch failed [Error: ENOENT: no such file or directory, scandir '/home/khatun.avetisyan/.pixi/envs'
	at Object.readdirSync (node:fs:1515:26)
	at /home/khatun.avetisyan/.vscode-server/extensions/ms-python.python-2024.10.0-linux-x64/out/client/extension.js:2:574598
	at /home/khatun.avetisyan/.vscode-server/extensions/ms-python.python-2024.10.0-linux-x64/out/client/extension.js:2:574789
	at Array.map (<anonymous>)
	at d.initWatchers (/home/khatun.avetisyan/.vscode-server/extensions/ms-python.python-2024.10.0-linux-x64/out/client/extension.js:2:574507)
	at process.processTicksAndRejections (node:internal/process/task_queues:95:5)
	at async d.ensureWatchersReady (/home/khatun.avetisyan/.vscode-server/extensions/ms-python.python-2024.10.0-linux-x64/out/client/extension.js:2:536827)] {
  errno: -2,
  code: 'ENOENT',
  syscall: 'scandir',
  path: '/home/khatun.avetisyan/.pixi/envs'
}
2024-07-19 08:40:59.471 [error] Dir "/home/khatun.avetisyan/.pixi/envs" is not watchable (directory does not exist)
2024-07-19 08:40:59.471 [info] Default formatter is set to null for workspace /home/khatun.avetisyan
2024-07-19 08:40:59.471 [info] Starting Environment refresh
2024-07-19 08:40:59.471 [info] Searching for interpreters in posix paths locator
2024-07-19 08:40:59.471 [info] Searching for pyenv environments
2024-07-19 08:40:59.471 [info] Searching for conda environments
2024-07-19 08:40:59.471 [info] Searching for global virtual environments
2024-07-19 08:40:59.471 [info] Searching for custom virtual environments
2024-07-19 08:40:59.471 [info] pyenv is not installed
2024-07-19 08:40:59.471 [info] Finished searching for pyenv environments: 373 milliseconds
2024-07-19 08:40:59.471 [info] Finished searching for custom virtual envs: 372 milliseconds
2024-07-19 08:40:59.471 [info] > conda info --json
2024-07-19 08:40:59.471 [info] > pixi --version
2024-07-19 08:40:59.471 [error] [Error: spawn pixi ENOENT
	at ChildProcess._handle.onexit (node:internal/child_process:286:19)
	at onErrorNT (node:internal/child_process:484:16)
	at process.processTicksAndRejections (node:internal/process/task_queues:82:21)] {
  errno: -2,
  code: 'ENOENT',
  syscall: 'spawn pixi',
  path: 'pixi',
  spawnargs: [ '--version' ]
}
2024-07-19 08:40:59.471 [info] > hatch env show --json
2024-07-19 08:40:59.471 [info] cwd: .
2024-07-19 08:40:59.471 [warning] Failed to check if /home/khatun.avetisyan/.venv/bin/python is an executable [Error: ENOENT: no such file or directory, lstat '/home/khatun.avetisyan/.venv/bin/python'] {
  errno: -2,
  code: 'ENOENT',
  syscall: 'lstat',
  path: '/home/khatun.avetisyan/.venv/bin/python'
}
2024-07-19 08:40:59.471 [info] Finished searching for global virtual envs: 390 milliseconds
2024-07-19 08:40:59.471 [info] Found: /bin/python3 --> /bin/python3.8
2024-07-19 08:40:59.472 [info] Found: /bin/python3.8 --> /bin/python3.8
2024-07-19 08:40:59.479 [warning] Identifier for virt-virtualenv failed to identify /home/khatun.avetisyan/.venv/bin/python [Error: ENOENT: no such file or directory, scandir '/home/khatun.avetisyan/.venv/bin'] {
  errno: -2,
  code: 'ENOENT',
  syscall: 'scandir',
  path: '/home/khatun.avetisyan/.venv/bin'
}
2024-07-19 08:40:59.484 [info] Found: /usr/bin/python3 --> /usr/bin/python3.8
2024-07-19 08:40:59.484 [info] Found: /usr/bin/python3.8 --> /usr/bin/python3.8
2024-07-19 08:40:59.490 [info] > /usr/bin/python3 -I ./.vscode-server/extensions/ms-python.python-2024.10.0-linux-x64/python_files/get_output_via_markers.py ./.vscode-server/extensions/ms-python.python-2024.10.0-linux-x64/python_files/interpreterInfo.py
2024-07-19 08:40:59.493 [info] > ./.venv/bin/python -I ./.vscode-server/extensions/ms-python.python-2024.10.0-linux-x64/python_files/get_output_via_markers.py ./.vscode-server/extensions/ms-python.python-2024.10.0-linux-x64/python_files/interpreterInfo.py
2024-07-19 08:40:59.496 [error] [Error: Command failed: /home/khatun.avetisyan/.venv/bin/python -I /home/khatun.avetisyan/.vscode-server/extensions/ms-python.python-2024.10.0-linux-x64/python_files/get_output_via_markers.py /home/khatun.avetisyan/.vscode-server/extensions/ms-python.python-2024.10.0-linux-x64/python_files/interpreterInfo.py
/bin/sh: 1: /home/khatun.avetisyan/.venv/bin/python: not found

	at ChildProcess.exithandler (node:child_process:422:12)
	at ChildProcess.emit (node:events:530:35)
	at maybeClose (node:internal/child_process:1105:16)
	at Socket.<anonymous> (node:internal/child_process:457:11)
	at Socket.emit (node:events:518:28)
	at Pipe.<anonymous> (node:net:337:12)] {
  code: 127,
  killed: false,
  signal: null,
  cmd: '/home/khatun.avetisyan/.venv/bin/python -I /home/khatun.avetisyan/.vscode-server/extensions/ms-python.python-2024.10.0-linux-x64/python_files/get_output_via_markers.py /home/khatun.avetisyan/.vscode-server/extensions/ms-python.python-2024.10.0-linux-x64/python_files/interpreterInfo.py'
}
2024-07-19 08:40:59.511 [info] Finished searching for interpreters in posix paths locator: 436 milliseconds
2024-07-19 08:40:59.511 [info] > /bin/python3 -I ./.vscode-server/extensions/ms-python.python-2024.10.0-linux-x64/python_files/get_output_via_markers.py ./.vscode-server/extensions/ms-python.python-2024.10.0-linux-x64/python_files/interpreterInfo.py
2024-07-19 08:40:59.513 [info] Environments refresh paths discovered (event): 442 milliseconds
2024-07-19 08:40:59.513 [info] Environments refresh paths discovered: 442 milliseconds
2024-07-19 08:40:59.537 [info] Environments refresh finished (event): 466 milliseconds
2024-07-19 08:40:59.561 [info] Environment refresh took 491 milliseconds
2024-07-19 08:40:59.565 [info] > pyenv which python
2024-07-19 08:40:59.565 [info] cwd: .
2024-07-19 08:40:59.664 [warning] Failed to check if /home/khatun.avetisyan/.venv/bin/python is an executable [Error: ENOENT: no such file or directory, lstat '/home/khatun.avetisyan/.venv/bin/python'] {
  errno: -2,
  code: 'ENOENT',
  syscall: 'lstat',
  path: '/home/khatun.avetisyan/.venv/bin/python'
}
2024-07-19 08:40:59.664 [warning] Failed to check if /home/khatun.avetisyan/.venv/bin/python is an executable [Error: ENOENT: no such file or directory, lstat '/home/khatun.avetisyan/.venv/bin/python'] {
  errno: -2,
  code: 'ENOENT',
  syscall: 'lstat',
  path: '/home/khatun.avetisyan/.venv/bin/python'
}
2024-07-19 08:40:59.667 [warning] Identifier for virt-virtualenv failed to identify /home/khatun.avetisyan/.venv/bin/python [Error: ENOENT: no such file or directory, scandir '/home/khatun.avetisyan/.venv/bin'] {
  errno: -2,
  code: 'ENOENT',
  syscall: 'scandir',
  path: '/home/khatun.avetisyan/.venv/bin'
}
2024-07-19 08:40:59.667 [warning] Identifier for virt-virtualenv failed to identify /home/khatun.avetisyan/.venv/bin/python [Error: ENOENT: no such file or directory, scandir '/home/khatun.avetisyan/.venv/bin'] {
  errno: -2,
  code: 'ENOENT',
  syscall: 'scandir',
  path: '/home/khatun.avetisyan/.venv/bin'
}
2024-07-19 08:41:01.500 [info] > ./.venv/bin/python -I ./.vscode-server/extensions/ms-python.python-2024.10.0-linux-x64/python_files/get_output_via_markers.py ./.vscode-server/extensions/ms-python.python-2024.10.0-linux-x64/python_files/interpreterInfo.py
2024-07-19 08:41:01.502 [error] [Error: Command failed: /home/khatun.avetisyan/.venv/bin/python -I /home/khatun.avetisyan/.vscode-server/extensions/ms-python.python-2024.10.0-linux-x64/python_files/get_output_via_markers.py /home/khatun.avetisyan/.vscode-server/extensions/ms-python.python-2024.10.0-linux-x64/python_files/interpreterInfo.py
/bin/sh: 1: /home/khatun.avetisyan/.venv/bin/python: not found

	at ChildProcess.exithandler (node:child_process:422:12)
	at ChildProcess.emit (node:events:530:35)
	at maybeClose (node:internal/child_process:1105:16)
	at ChildProcess._handle.onexit (node:internal/child_process:305:5)] {
  code: 127,
  killed: false,
  signal: null,
  cmd: '/home/khatun.avetisyan/.venv/bin/python -I /home/khatun.avetisyan/.vscode-server/extensions/ms-python.python-2024.10.0-linux-x64/python_files/get_output_via_markers.py /home/khatun.avetisyan/.vscode-server/extensions/ms-python.python-2024.10.0-linux-x64/python_files/interpreterInfo.py'
}
2024-07-19 08:41:01.528 [warning] Failed to check if /home/khatun.avetisyan/.venv/bin/python is an executable [Error: ENOENT: no such file or directory, lstat '/home/khatun.avetisyan/.venv/bin/python'] {
  errno: -2,
  code: 'ENOENT',
  syscall: 'lstat',
  path: '/home/khatun.avetisyan/.venv/bin/python'
}
2024-07-19 08:41:01.530 [warning] Failed to check if /home/khatun.avetisyan/.venv/bin/python is an executable [Error: ENOENT: no such file or directory, lstat '/home/khatun.avetisyan/.venv/bin/python'] {
  errno: -2,
  code: 'ENOENT',
  syscall: 'lstat',
  path: '/home/khatun.avetisyan/.venv/bin/python'
}
2024-07-19 08:41:01.531 [warning] Identifier for virt-virtualenv failed to identify /home/khatun.avetisyan/.venv/bin/python [Error: ENOENT: no such file or directory, scandir '/home/khatun.avetisyan/.venv/bin'] {
  errno: -2,
  code: 'ENOENT',
  syscall: 'scandir',
  path: '/home/khatun.avetisyan/.venv/bin'
}
2024-07-19 08:41:01.532 [warning] Identifier for virt-virtualenv failed to identify /home/khatun.avetisyan/.venv/bin/python [Error: ENOENT: no such file or directory, scandir '/home/khatun.avetisyan/.venv/bin'] {
  errno: -2,
  code: 'ENOENT',
  syscall: 'scandir',
  path: '/home/khatun.avetisyan/.venv/bin'
}
2024-07-19 08:41:01.534 [warning] Failed to check if /home/khatun.avetisyan/.venv/bin/python is an executable [Error: ENOENT: no such file or directory, lstat '/home/khatun.avetisyan/.venv/bin/python'] {
  errno: -2,
  code: 'ENOENT',
  syscall: 'lstat',
  path: '/home/khatun.avetisyan/.venv/bin/python'
}
2024-07-19 08:41:01.535 [warning] Identifier for virt-virtualenv failed to identify /home/khatun.avetisyan/.venv/bin/python [Error: ENOENT: no such file or directory, scandir '/home/khatun.avetisyan/.venv/bin'] {
  errno: -2,
  code: 'ENOENT',
  syscall: 'scandir',
  path: '/home/khatun.avetisyan/.venv/bin'
}
2024-07-19 08:41:02.677 [info] Starting Pylance language server.
2024-07-19 08:41:02.680 [warning] Failed to check if /home/khatun.avetisyan/.venv/bin/python is an executable [Error: ENOENT: no such file or directory, lstat '/home/khatun.avetisyan/.venv/bin/python'] {
  errno: -2,
  code: 'ENOENT',
  syscall: 'lstat',
  path: '/home/khatun.avetisyan/.venv/bin/python'
}
2024-07-19 08:41:02.687 [warning] Failed to check if /home/khatun.avetisyan/.venv/bin/python is an executable [Error: ENOENT: no such file or directory, lstat '/home/khatun.avetisyan/.venv/bin/python'] {
  errno: -2,
  code: 'ENOENT',
  syscall: 'lstat',
  path: '/home/khatun.avetisyan/.venv/bin/python'
}
2024-07-19 08:41:02.699 [warning] Identifier for virt-virtualenv failed to identify /home/khatun.avetisyan/.venv/bin/python [Error: ENOENT: no such file or directory, scandir '/home/khatun.avetisyan/.venv/bin'] {
  errno: -2,
  code: 'ENOENT',
  syscall: 'scandir',
  path: '/home/khatun.avetisyan/.venv/bin'
}
2024-07-19 08:41:02.702 [warning] Identifier for virt-virtualenv failed to identify /home/khatun.avetisyan/.venv/bin/python [Error: ENOENT: no such file or directory, scandir '/home/khatun.avetisyan/.venv/bin'] {
  errno: -2,
  code: 'ENOENT',
  syscall: 'scandir',
  path: '/home/khatun.avetisyan/.venv/bin'
}
2024-07-19 08:41:02.705 [warning] Failed to check if /home/khatun.avetisyan/.venv/bin/python is an executable [Error: ENOENT: no such file or directory, lstat '/home/khatun.avetisyan/.venv/bin/python'] {
  errno: -2,
  code: 'ENOENT',
  syscall: 'lstat',
  path: '/home/khatun.avetisyan/.venv/bin/python'
}
2024-07-19 08:41:02.707 [warning] Identifier for virt-virtualenv failed to identify /home/khatun.avetisyan/.venv/bin/python [Error: ENOENT: no such file or directory, scandir '/home/khatun.avetisyan/.venv/bin'] {
  errno: -2,
  code: 'ENOENT',
  syscall: 'scandir',
  path: '/home/khatun.avetisyan/.venv/bin'
}
2024-07-19 08:41:05.069 [warning] Failed to check if /home/khatun.avetisyan/.venv/bin/python is an executable [Error: ENOENT: no such file or directory, lstat '/home/khatun.avetisyan/.venv/bin/python'] {
  errno: -2,
  code: 'ENOENT',
  syscall: 'lstat',
  path: '/home/khatun.avetisyan/.venv/bin/python'
}
2024-07-19 08:41:05.070 [warning] Identifier for virt-virtualenv failed to identify /home/khatun.avetisyan/.venv/bin/python [Error: ENOENT: no such file or directory, scandir '/home/khatun.avetisyan/.venv/bin'] {
  errno: -2,
  code: 'ENOENT',
  syscall: 'scandir',
  path: '/home/khatun.avetisyan/.venv/bin'
}
2024-07-19 08:41:05.809 [warning] Failed to check if /home/khatun.avetisyan/.venv/bin/python is an executable [Error: ENOENT: no such file or directory, lstat '/home/khatun.avetisyan/.venv/bin/python'] {
  errno: -2,
  code: 'ENOENT',
  syscall: 'lstat',
  path: '/home/khatun.avetisyan/.venv/bin/python'
}
2024-07-19 08:41:05.815 [warning] Identifier for virt-virtualenv failed to identify /home/khatun.avetisyan/.venv/bin/python [Error: ENOENT: no such file or directory, scandir '/home/khatun.avetisyan/.venv/bin'] {
  errno: -2,
  code: 'ENOENT',
  syscall: 'scandir',
  path: '/home/khatun.avetisyan/.venv/bin'
}
2024-07-19 08:41:10.324 [warning] Failed to check if /home/khatun.avetisyan/.venv/bin/python is an executable [Error: ENOENT: no such file or directory, lstat '/home/khatun.avetisyan/.venv/bin/python'] {
  errno: -2,
  code: 'ENOENT',
  syscall: 'lstat',
  path: '/home/khatun.avetisyan/.venv/bin/python'
}
2024-07-19 08:41:10.325 [warning] Identifier for virt-virtualenv failed to identify /home/khatun.avetisyan/.venv/bin/python [Error: ENOENT: no such file or directory, scandir '/home/khatun.avetisyan/.venv/bin'] {
  errno: -2,
  code: 'ENOENT',
  syscall: 'scandir',
  path: '/home/khatun.avetisyan/.venv/bin'
}
2024-07-19 08:41:14.127 [info] Discover tests for workspace name: khatun.avetisyan - uri: /home/khatun.avetisyan
2024-07-19 08:41:14.127 [info] Python interpreter path: /usr/bin/python3
2024-07-19 08:41:14.128 [warning] could not find a pixi interpreter for the interpreter at /usr/bin/python3
2024-07-19 08:41:21.533 [info] Selected workspace /home/khatun.avetisyan for creating virtual environment.
2024-07-19 08:41:23.384 [info] Selected interpreter /usr/bin/python3 for creating virtual environment.
2024-07-19 08:41:27.367 [info] Running Env creation script:  [
  '/usr/bin/python3',
  '/home/khatun.avetisyan/.vscode-server/extensions/ms-python.python-2024.10.0-linux-x64/python_files/create_venv.py',
  '--git-ignore',
  '--requirements',
  '/home/khatun.avetisyan/.vscode-server/extensions/ms-python.python-2024.10.0-linux-x64/requirements.txt',
  '--requirements',
  '/home/khatun.avetisyan/.vscode-server/extensions/ms-python.python-2024.10.0-linux-x64/python_files/jedilsp_requirements/requirements.txt'
]
2024-07-19 08:41:27.367 [info] > /usr/bin/python3 ./.vscode-server/extensions/ms-python.python-2024.10.0-linux-x64/python_files/create_venv.py --git-ignore --requirements ./.vscode-server/extensions/ms-python.python-2024.10.0-linux-x64/requirements.txt --requirements ./.vscode-server/extensions/ms-python.python-2024.10.0-linux-x64/python_files/jedilsp_requirements/requirements.txt
2024-07-19 08:41:27.367 [info] cwd: .
2024-07-19 08:41:27.427 [info] Running: /usr/bin/python3 -m venv --without-pip .venv
2024-07-19 08:41:27.476 [info] CREATED_VENV:/home/khatun.avetisyan/.venv/bin/python
2024-07-19 08:41:27.476 [info] Creating: /home/khatun.avetisyan/.venv/.gitignore
CREATE_VENV.DOWNLOADING_PIP
2024-07-19 08:41:27.547 [info] CREATE_VENV.INSTALLING_PIP
Running: /home/khatun.avetisyan/.venv/bin/python /home/khatun.avetisyan/.venv/pip.pyz install pip
2024-07-19 08:41:28.648 [info] Collecting pip
2024-07-19 08:41:28.678 [info]   Downloading pip-24.1.2-py3-none-any.whl.metadata (3.6 kB)
2024-07-19 08:41:28.697 [info] Downloading pip-24.1.2-py3-none-any.whl (1.8 MB)
2024-07-19 08:41:28.754 [info]    ━━━━━━━━━━━━━━━━━━━━━━━━━━━━━━━━━━━━━━━━ 1.8/1.8 MB 33.9 MB/s eta 0:00:00
2024-07-19 08:41:28.759 [info] > ./.venv/bin/python -I ./.vscode-server/extensions/ms-python.python-2024.10.0-linux-x64/python_files/get_output_via_markers.py ./.vscode-server/extensions/ms-python.python-2024.10.0-linux-x64/python_files/interpreterInfo.py
2024-07-19 08:41:28.759 [info] Environments refresh paths discovered: 10 milliseconds
2024-07-19 08:41:28.774 [info] Installing collected packages: pip
2024-07-19 08:41:28.795 [info] Environments refresh finished (event): 46 milliseconds
2024-07-19 08:41:29.463 [info] Successfully installed pip-24.1.2
2024-07-19 08:41:29.600 [info] VENV_INSTALLING_REQUIREMENTS: ['/home/khatun.avetisyan/.vscode-server/extensions/ms-python.python-2024.10.0-linux-x64/requirements.txt', '/home/khatun.avetisyan/.vscode-server/extensions/ms-python.python-2024.10.0-linux-x64/python_files/jedilsp_requirements/requirements.txt']
VENV_INSTALLING_REQUIREMENTS: /home/khatun.avetisyan/.vscode-server/extensions/ms-python.python-2024.10.0-linux-x64/requirements.txt
Running: /home/khatun.avetisyan/.venv/bin/python -m pip install -r /home/khatun.avetisyan/.vscode-server/extensions/ms-python.python-2024.10.0-linux-x64/requirements.txt
2024-07-19 08:41:29.999 [info] Collecting importlib-metadata==8.0.0 (from -r /home/khatun.avetisyan/.vscode-server/extensions/ms-python.python-2024.10.0-linux-x64/requirements.txt (line 7))
2024-07-19 08:41:30.021 [info]   Downloading importlib_metadata-8.0.0-py3-none-any.whl (24 kB)
2024-07-19 08:41:30.136 [info] Collecting microvenv==2023.5.post1 (from -r /home/khatun.avetisyan/.vscode-server/extensions/ms-python.python-2024.10.0-linux-x64/requirements.txt (line 11))
2024-07-19 08:41:30.144 [info]   Downloading microvenv-2023.5.post1-py3-none-any.whl (8.2 kB)
2024-07-19 08:41:30.204 [info] Collecting packaging==24.1 (from -r /home/khatun.avetisyan/.vscode-server/extensions/ms-python.python-2024.10.0-linux-x64/requirements.txt (line 15))
2024-07-19 08:41:30.212 [info]   Downloading packaging-24.1-py3-none-any.whl (53 kB)
2024-07-19 08:41:30.221 [info]      ━━━━━━━━━━━━━━━━━━━━━━━━━━━━━━━━━━━━━━━━ 54.0/54.0 kB 6.7 MB/s eta 0:00:00
2024-07-19 08:41:30.222 [info] 
2024-07-19 08:41:30.250 [info] Collecting tomli==2.0.1 (from -r /home/khatun.avetisyan/.vscode-server/extensions/ms-python.python-2024.10.0-linux-x64/requirements.txt (line 19))
2024-07-19 08:41:30.258 [info]   Downloading tomli-2.0.1-py3-none-any.whl (12 kB)
2024-07-19 08:41:30.296 [info] Collecting typing-extensions==4.12.2 (from -r /home/khatun.avetisyan/.vscode-server/extensions/ms-python.python-2024.10.0-linux-x64/requirements.txt (line 23))
2024-07-19 08:41:30.303 [info]   Downloading typing_extensions-4.12.2-py3-none-any.whl (37 kB)
2024-07-19 08:41:30.347 [info] Collecting zipp==3.19.2 (from -r /home/khatun.avetisyan/.vscode-server/extensions/ms-python.python-2024.10.0-linux-x64/requirements.txt (line 27))
2024-07-19 08:41:30.354 [info]   Downloading zipp-3.19.2-py3-none-any.whl (9.0 kB)
2024-07-19 08:41:30.383 [info] Installing collected packages: zipp, typing-extensions, tomli, packaging, microvenv, importlib-metadata
2024-07-19 08:41:30.497 [info] Successfully installed importlib-metadata-8.0.0 microvenv-2023.5.post1 packaging-24.1 tomli-2.0.1 typing-extensions-4.12.2 zipp-3.19.2
2024-07-19 08:41:30.552 [info] VENV_INSTALLING_REQUIREMENTS: /home/khatun.avetisyan/.vscode-server/extensions/ms-python.python-2024.10.0-linux-x64/python_files/jedilsp_requirements/requirements.txt
Running: /home/khatun.avetisyan/.venv/bin/python -m pip install -r /home/khatun.avetisyan/.vscode-server/extensions/ms-python.python-2024.10.0-linux-x64/python_files/jedilsp_requirements/requirements.txt
2024-07-19 08:41:30.911 [info] Collecting attrs==23.1.0 (from -r /home/khatun.avetisyan/.vscode-server/extensions/ms-python.python-2024.10.0-linux-x64/python_files/jedilsp_requirements/requirements.txt (line 7))
2024-07-19 08:41:30.932 [info]   Downloading attrs-23.1.0-py3-none-any.whl (61 kB)
2024-07-19 08:41:30.945 [info]      ━━━━━━━━━━━━━━━━━━━━━━━━━━━━━━━━━━━━━━━━ 61.2/61.2 kB 5.3 MB/s eta 0:00:00
2024-07-19 08:41:30.945 [info] 
2024-07-19 08:41:30.980 [info] Collecting cattrs==23.1.2 (from -r /home/khatun.avetisyan/.vscode-server/extensions/ms-python.python-2024.10.0-linux-x64/python_files/jedilsp_requirements/requirements.txt (line 13))
2024-07-19 08:41:30.988 [info]   Downloading cattrs-23.1.2-py3-none-any.whl (50 kB)
2024-07-19 08:41:30.997 [info]      ━━━━━━━━━━━━━━━━━━━━━━━━━━━━━━━━━━━━━━━━ 50.8/50.8 kB 6.1 MB/s eta 0:00:00
2024-07-19 08:41:30.998 [info] 
2024-07-19 08:41:31.026 [info] Collecting docstring-to-markdown==0.12 (from -r /home/khatun.avetisyan/.vscode-server/extensions/ms-python.python-2024.10.0-linux-x64/python_files/jedilsp_requirements/requirements.txt (line 19))
2024-07-19 08:41:31.035 [info]   Downloading docstring_to_markdown-0.12-py3-none-any.whl (18 kB)
2024-07-19 08:41:31.067 [info] Collecting exceptiongroup==1.1.3 (from -r /home/khatun.avetisyan/.vscode-server/extensions/ms-python.python-2024.10.0-linux-x64/python_files/jedilsp_requirements/requirements.txt (line 23))
2024-07-19 08:41:31.075 [info]   Downloading exceptiongroup-1.1.3-py3-none-any.whl (14 kB)
2024-07-19 08:41:31.158 [info] Collecting importlib-metadata==6.8.0 (from -r /home/khatun.avetisyan/.vscode-server/extensions/ms-python.python-2024.10.0-linux-x64/python_files/jedilsp_requirements/requirements.txt (line 27))
2024-07-19 08:41:31.166 [info]   Downloading importlib_metadata-6.8.0-py3-none-any.whl (22 kB)
2024-07-19 08:41:31.210 [info] Collecting jedi==0.19.1 (from -r /home/khatun.avetisyan/.vscode-server/extensions/ms-python.python-2024.10.0-linux-x64/python_files/jedilsp_requirements/requirements.txt (line 31))
2024-07-19 08:41:31.218 [info]   Downloading jedi-0.19.1-py2.py3-none-any.whl (1.6 MB)
2024-07-19 08:41:31.252 [info]      ━━━━━━━━━━━━━━━━━━━━━━━━━━━━━━━━━━━━━━━━ 1.6/1.6 MB 49.1 MB/s eta 0:00:00
2024-07-19 08:41:31.252 [info] 
2024-07-19 08:41:31.405 [info] Collecting jedi-language-server==0.41.1 (from -r /home/khatun.avetisyan/.vscode-server/extensions/ms-python.python-2024.10.0-linux-x64/python_files/jedilsp_requirements/requirements.txt (line 35))
2024-07-19 08:41:31.413 [info]   Downloading jedi_language_server-0.41.1-py3-none-any.whl (27 kB)
2024-07-19 08:41:31.526 [info] Collecting lsprotocol==2023.0.0b1 (from -r /home/khatun.avetisyan/.vscode-server/extensions/ms-python.python-2024.10.0-linux-x64/python_files/jedilsp_requirements/requirements.txt (line 39))
2024-07-19 08:41:31.534 [info]   Downloading lsprotocol-2023.0.0b1-py3-none-any.whl (70 kB)
2024-07-19 08:41:31.544 [info]      ━━━━━━━━━━━━━━━━━━━━━━━━━━━━━━━━━━━━━━━━ 70.6/70.6 kB 8.4 MB/s eta 0:00:00
2024-07-19 08:41:31.544 [info] 
2024-07-19 08:41:31.573 [info] Collecting parso==0.8.3 (from -r /home/khatun.avetisyan/.vscode-server/extensions/ms-python.python-2024.10.0-linux-x64/python_files/jedilsp_requirements/requirements.txt (line 45))
2024-07-19 08:41:31.581 [info]   Downloading parso-0.8.3-py2.py3-none-any.whl (100 kB)
2024-07-19 08:41:31.592 [info]      ━━━━━━━━━━━━━━━━━━━━━━━━━━━━━━━━━━━━━━ 100.8/100.8 kB 11.7 MB/s eta 0:00:00
2024-07-19 08:41:31.592 [info] 
2024-07-19 08:41:31.702 [info] Collecting pygls==1.0.2 (from -r /home/khatun.avetisyan/.vscode-server/extensions/ms-python.python-2024.10.0-linux-x64/python_files/jedilsp_requirements/requirements.txt (line 49))
2024-07-19 08:41:31.711 [info]   Downloading pygls-1.0.2-py3-none-any.whl (38 kB)
2024-07-19 08:41:31.761 [info] Collecting typeguard==3.0.2 (from -r /home/khatun.avetisyan/.vscode-server/extensions/ms-python.python-2024.10.0-linux-x64/python_files/jedilsp_requirements/requirements.txt (line 55))
2024-07-19 08:41:31.771 [info]   Downloading typeguard-3.0.2-py3-none-any.whl (30 kB)
2024-07-19 08:41:31.808 [info] Collecting typing-extensions==4.8.0 (from -r /home/khatun.avetisyan/.vscode-server/extensions/ms-python.python-2024.10.0-linux-x64/python_files/jedilsp_requirements/requirements.txt (line 59))
2024-07-19 08:41:31.816 [info]   Downloading typing_extensions-4.8.0-py3-none-any.whl (31 kB)
2024-07-19 08:41:31.856 [info] Collecting zipp==3.17.0 (from -r /home/khatun.avetisyan/.vscode-server/extensions/ms-python.python-2024.10.0-linux-x64/python_files/jedilsp_requirements/requirements.txt (line 66))
2024-07-19 08:41:31.864 [info]   Downloading zipp-3.17.0-py3-none-any.whl (7.4 kB)
2024-07-19 08:41:31.973 [info] Installing collected packages: zipp, typing-extensions, parso, exceptiongroup, docstring-to-markdown, attrs, jedi, importlib-metadata, cattrs, typeguard, lsprotocol, pygls, jedi-language-server
2024-07-19 08:41:31.973 [info]   Attempting uninstall: zipp
2024-07-19 08:41:31.973 [info]     Found existing installation: zipp 3.19.2
2024-07-19 08:41:31.975 [info]     Uninstalling zipp-3.19.2:
2024-07-19 08:41:31.976 [info]       Successfully uninstalled zipp-3.19.2
2024-07-19 08:41:31.990 [info]   Attempting uninstall: typing-extensions
2024-07-19 08:41:31.990 [info]     Found existing installation: typing_extensions 4.12.2
2024-07-19 08:41:31.992 [info]     Uninstalling typing_extensions-4.12.2:
2024-07-19 08:41:31.998 [info]       Successfully uninstalled typing_extensions-4.12.2
2024-07-19 08:41:32.550 [info]   Attempting uninstall: importlib-metadata
2024-07-19 08:41:32.550 [info]     Found existing installation: importlib_metadata 8.0.0
2024-07-19 08:41:32.553 [info]     Uninstalling importlib_metadata-8.0.0:
2024-07-19 08:41:32.554 [info]       Successfully uninstalled importlib_metadata-8.0.0
2024-07-19 08:41:32.749 [info] Successfully installed attrs-23.1.0 cattrs-23.1.2 docstring-to-markdown-0.12 exceptiongroup-1.1.3 importlib-metadata-6.8.0 jedi-0.19.1 jedi-language-server-0.41.1 lsprotocol-2023.0.0b1 parso-0.8.3 pygls-1.0.2 typeguard-3.0.2 typing-extensions-4.8.0 zipp-3.17.0
2024-07-19 08:41:32.812 [info] CREATE_VENV.PIP_INSTALLED_REQUIREMENTS
2024-07-19 08:41:32.906 [info] Discover tests for workspace name: khatun.avetisyan - uri: /home/khatun.avetisyan
2024-07-19 08:41:32.907 [warning] could not find a pixi interpreter for the interpreter at /home/khatun.avetisyan/.venv/bin/python
2024-07-19 08:41:32.907 [info] Python interpreter path: ./.venv/bin/python
2024-07-19 08:41:33.095 [info] > . ./.venv/bin/activate && echo 'e8b39361-0157-4923-80e1-22d70d46dee6' && python ./.vscode-server/extensions/ms-python.python-2024.10.0-linux-x64/python_files/printEnvVariables.py
2024-07-19 08:41:33.095 [info] shell: bash
2024-07-19 08:41:33.133 [info] > /usr/bin/python3 ./.vscode-server/extensions/ms-python.python-2024.10.0-linux-x64/python_files/printEnvVariables.py
2024-07-19 08:41:33.134 [info] shell: bash
2024-07-19 08:41:33.165 [info] Setting environment variable VIRTUAL_ENV in collection to /home/khatun.avetisyan/.venv {"applyAtShellIntegration":true,"applyAtProcessCreation":true}
2024-07-19 08:41:33.165 [info] Prepending environment variable PS1 in collection with (.venv)  {"applyAtShellIntegration":true,"applyAtProcessCreation":false}
2024-07-19 08:41:33.165 [info] Prepending environment variable PATH in collection with /home/khatun.avetisyan/.vscode-server/extensions/ms-python.python-2024.10.0-linux-x64/python_files/deactivate/bash:/home/khatun.avetisyan/.venv/bin: {"applyAtShellIntegration":true,"applyAtProcessCreation":true}
2024-07-19 08:41:33.166 [info] Send text to terminal: /usr/bin/python3 /home/khatun.avetisyan/.vscode-server/extensions/ms-python.python-2024.10.0-linux-x64/python_files/printEnvVariablesToFile.py /home/khatun.avetisyan/.vscode-server/extensions/ms-python.python-2024.10.0-linux-x64/python_files/deactivate/bash/envVars.txt
2024-07-19 09:29:36.213 [info] Discover tests for workspace name: khatun.avetisyan - uri: /home/khatun.avetisyan/Spyur's codes/main.py
2024-07-19 09:31:35.788 [info] Selected workspace /home/khatun.avetisyan for creating virtual environment.
2024-07-19 09:31:37.301 [info] Selected interpreter /usr/bin/python3 for creating virtual environment.
2024-07-19 09:31:40.916 [info] Running Env creation script:  [
  '/usr/bin/python3',
  '/home/khatun.avetisyan/.vscode-server/extensions/ms-python.python-2024.10.0-linux-x64/python_files/create_venv.py',
  '--git-ignore',
  '--requirements',
  '/home/khatun.avetisyan/.vscode-server/extensions/ms-python.python-2024.10.0-linux-x64/requirements.txt',
  '--requirements',
  '/home/khatun.avetisyan/.vscode-server/extensions/ms-python.python-2024.10.0-linux-x64/python_files/jedilsp_requirements/requirements.txt'
]
2024-07-19 09:31:40.916 [info] > /usr/bin/python3 ./.vscode-server/extensions/ms-python.python-2024.10.0-linux-x64/python_files/create_venv.py --git-ignore --requirements ./.vscode-server/extensions/ms-python.python-2024.10.0-linux-x64/requirements.txt --requirements ./.vscode-server/extensions/ms-python.python-2024.10.0-linux-x64/python_files/jedilsp_requirements/requirements.txt
2024-07-19 09:31:40.916 [info] cwd: .
2024-07-19 09:31:40.964 [info] Running: /usr/bin/python3 -m venv --without-pip .venv
2024-07-19 09:31:41.005 [info] CREATED_VENV:/home/khatun.avetisyan/.venv/bin/python
Creating: /home/khatun.avetisyan/.venv/.gitignore
2024-07-19 09:31:41.005 [info] CREATE_VENV.DOWNLOADING_PIP
2024-07-19 09:31:41.156 [info] CREATE_VENV.INSTALLING_PIP
Running: /home/khatun.avetisyan/.venv/bin/python /home/khatun.avetisyan/.venv/pip.pyz install pip
2024-07-19 09:31:42.157 [info] Collecting pip
2024-07-19 09:31:42.159 [info]   Using cached pip-24.1.2-py3-none-any.whl.metadata (3.6 kB)
2024-07-19 09:31:42.162 [info] Using cached pip-24.1.2-py3-none-any.whl (1.8 MB)
2024-07-19 09:31:42.178 [info] Installing collected packages: pip
2024-07-19 09:31:42.216 [info] > ./.venv/bin/python -I ./.vscode-server/extensions/ms-python.python-2024.10.0-linux-x64/python_files/get_output_via_markers.py ./.vscode-server/extensions/ms-python.python-2024.10.0-linux-x64/python_files/interpreterInfo.py
2024-07-19 09:31:42.216 [info] Environments refresh paths discovered: 8 milliseconds
2024-07-19 09:31:42.244 [info] Environments refresh finished (event): 36 milliseconds
2024-07-19 09:31:42.833 [info] Successfully installed pip-24.1.2
2024-07-19 09:31:42.902 [info] VENV_INSTALLING_REQUIREMENTS: ['/home/khatun.avetisyan/.vscode-server/extensions/ms-python.python-2024.10.0-linux-x64/requirements.txt', '/home/khatun.avetisyan/.vscode-server/extensions/ms-python.python-2024.10.0-linux-x64/python_files/jedilsp_requirements/requirements.txt']
VENV_INSTALLING_REQUIREMENTS: /home/khatun.avetisyan/.vscode-server/extensions/ms-python.python-2024.10.0-linux-x64/requirements.txt
Running: /home/khatun.avetisyan/.venv/bin/python -m pip install -r /home/khatun.avetisyan/.vscode-server/extensions/ms-python.python-2024.10.0-linux-x64/requirements.txt
2024-07-19 09:31:43.302 [info] Collecting importlib-metadata==8.0.0 (from -r /home/khatun.avetisyan/.vscode-server/extensions/ms-python.python-2024.10.0-linux-x64/requirements.txt (line 7))
2024-07-19 09:31:43.304 [info]   Using cached importlib_metadata-8.0.0-py3-none-any.whl (24 kB)
2024-07-19 09:31:43.408 [info] Collecting microvenv==2023.5.post1 (from -r /home/khatun.avetisyan/.vscode-server/extensions/ms-python.python-2024.10.0-linux-x64/requirements.txt (line 11))
2024-07-19 09:31:43.409 [info]   Using cached microvenv-2023.5.post1-py3-none-any.whl (8.2 kB)
2024-07-19 09:31:43.457 [info] Collecting packaging==24.1 (from -r /home/khatun.avetisyan/.vscode-server/extensions/ms-python.python-2024.10.0-linux-x64/requirements.txt (line 15))
2024-07-19 09:31:43.458 [info]   Using cached packaging-24.1-py3-none-any.whl (53 kB)
2024-07-19 09:31:43.483 [info] Collecting tomli==2.0.1 (from -r /home/khatun.avetisyan/.vscode-server/extensions/ms-python.python-2024.10.0-linux-x64/requirements.txt (line 19))
2024-07-19 09:31:43.484 [info]   Using cached tomli-2.0.1-py3-none-any.whl (12 kB)
2024-07-19 09:31:43.514 [info] Collecting typing-extensions==4.12.2 (from -r /home/khatun.avetisyan/.vscode-server/extensions/ms-python.python-2024.10.0-linux-x64/requirements.txt (line 23))
2024-07-19 09:31:43.516 [info]   Using cached typing_extensions-4.12.2-py3-none-any.whl (37 kB)
2024-07-19 09:31:43.549 [info] Collecting zipp==3.19.2 (from -r /home/khatun.avetisyan/.vscode-server/extensions/ms-python.python-2024.10.0-linux-x64/requirements.txt (line 27))
2024-07-19 09:31:43.551 [info]   Using cached zipp-3.19.2-py3-none-any.whl (9.0 kB)
2024-07-19 09:31:43.573 [info] Installing collected packages: zipp, typing-extensions, tomli, packaging, microvenv, importlib-metadata
2024-07-19 09:31:43.689 [info] Successfully installed importlib-metadata-8.0.0 microvenv-2023.5.post1 packaging-24.1 tomli-2.0.1 typing-extensions-4.12.2 zipp-3.19.2
2024-07-19 09:31:43.745 [info] VENV_INSTALLING_REQUIREMENTS: /home/khatun.avetisyan/.vscode-server/extensions/ms-python.python-2024.10.0-linux-x64/python_files/jedilsp_requirements/requirements.txt
Running: /home/khatun.avetisyan/.venv/bin/python -m pip install -r /home/khatun.avetisyan/.vscode-server/extensions/ms-python.python-2024.10.0-linux-x64/python_files/jedilsp_requirements/requirements.txt
2024-07-19 09:31:44.115 [info] Collecting attrs==23.1.0 (from -r /home/khatun.avetisyan/.vscode-server/extensions/ms-python.python-2024.10.0-linux-x64/python_files/jedilsp_requirements/requirements.txt (line 7))
2024-07-19 09:31:44.117 [info]   Using cached attrs-23.1.0-py3-none-any.whl (61 kB)
2024-07-19 09:31:44.149 [info] Collecting cattrs==23.1.2 (from -r /home/khatun.avetisyan/.vscode-server/extensions/ms-python.python-2024.10.0-linux-x64/python_files/jedilsp_requirements/requirements.txt (line 13))
2024-07-19 09:31:44.151 [info]   Using cached cattrs-23.1.2-py3-none-any.whl (50 kB)
2024-07-19 09:31:44.178 [info] Collecting docstring-to-markdown==0.12 (from -r /home/khatun.avetisyan/.vscode-server/extensions/ms-python.python-2024.10.0-linux-x64/python_files/jedilsp_requirements/requirements.txt (line 19))
2024-07-19 09:31:44.180 [info]   Using cached docstring_to_markdown-0.12-py3-none-any.whl (18 kB)
2024-07-19 09:31:44.204 [info] Collecting exceptiongroup==1.1.3 (from -r /home/khatun.avetisyan/.vscode-server/extensions/ms-python.python-2024.10.0-linux-x64/python_files/jedilsp_requirements/requirements.txt (line 23))
2024-07-19 09:31:44.206 [info]   Using cached exceptiongroup-1.1.3-py3-none-any.whl (14 kB)
2024-07-19 09:31:44.286 [info] Collecting importlib-metadata==6.8.0 (from -r /home/khatun.avetisyan/.vscode-server/extensions/ms-python.python-2024.10.0-linux-x64/python_files/jedilsp_requirements/requirements.txt (line 27))
2024-07-19 09:31:44.287 [info]   Using cached importlib_metadata-6.8.0-py3-none-any.whl (22 kB)
2024-07-19 09:31:44.319 [info] Collecting jedi==0.19.1 (from -r /home/khatun.avetisyan/.vscode-server/extensions/ms-python.python-2024.10.0-linux-x64/python_files/jedilsp_requirements/requirements.txt (line 31))
2024-07-19 09:31:44.321 [info]   Using cached jedi-0.19.1-py2.py3-none-any.whl (1.6 MB)
2024-07-19 09:31:44.473 [info] Collecting jedi-language-server==0.41.1 (from -r /home/khatun.avetisyan/.vscode-server/extensions/ms-python.python-2024.10.0-linux-x64/python_files/jedilsp_requirements/requirements.txt (line 35))
2024-07-19 09:31:44.474 [info]   Using cached jedi_language_server-0.41.1-py3-none-any.whl (27 kB)
2024-07-19 09:31:44.499 [info] Collecting lsprotocol==2023.0.0b1 (from -r /home/khatun.avetisyan/.vscode-server/extensions/ms-python.python-2024.10.0-linux-x64/python_files/jedilsp_requirements/requirements.txt (line 39))
2024-07-19 09:31:44.501 [info]   Using cached lsprotocol-2023.0.0b1-py3-none-any.whl (70 kB)
2024-07-19 09:31:44.527 [info] Collecting parso==0.8.3 (from -r /home/khatun.avetisyan/.vscode-server/extensions/ms-python.python-2024.10.0-linux-x64/python_files/jedilsp_requirements/requirements.txt (line 45))
2024-07-19 09:31:44.528 [info]   Using cached parso-0.8.3-py2.py3-none-any.whl (100 kB)
2024-07-19 09:31:44.558 [info] Collecting pygls==1.0.2 (from -r /home/khatun.avetisyan/.vscode-server/extensions/ms-python.python-2024.10.0-linux-x64/python_files/jedilsp_requirements/requirements.txt (line 49))
2024-07-19 09:31:44.560 [info]   Using cached pygls-1.0.2-py3-none-any.whl (38 kB)
2024-07-19 09:31:44.597 [info] Collecting typeguard==3.0.2 (from -r /home/khatun.avetisyan/.vscode-server/extensions/ms-python.python-2024.10.0-linux-x64/python_files/jedilsp_requirements/requirements.txt (line 55))
2024-07-19 09:31:44.598 [info]   Using cached typeguard-3.0.2-py3-none-any.whl (30 kB)
2024-07-19 09:31:44.628 [info] Collecting typing-extensions==4.8.0 (from -r /home/khatun.avetisyan/.vscode-server/extensions/ms-python.python-2024.10.0-linux-x64/python_files/jedilsp_requirements/requirements.txt (line 59))
2024-07-19 09:31:44.630 [info]   Using cached typing_extensions-4.8.0-py3-none-any.whl (31 kB)
2024-07-19 09:31:44.662 [info] Collecting zipp==3.17.0 (from -r /home/khatun.avetisyan/.vscode-server/extensions/ms-python.python-2024.10.0-linux-x64/python_files/jedilsp_requirements/requirements.txt (line 66))
2024-07-19 09:31:44.664 [info]   Using cached zipp-3.17.0-py3-none-any.whl (7.4 kB)
2024-07-19 09:31:44.769 [info] Installing collected packages: zipp, typing-extensions, parso, exceptiongroup, docstring-to-markdown, attrs, jedi, importlib-metadata, cattrs, typeguard, lsprotocol, pygls, jedi-language-server
2024-07-19 09:31:44.769 [info]   Attempting uninstall: zipp
2024-07-19 09:31:44.770 [info]     Found existing installation: zipp 3.19.2
2024-07-19 09:31:44.772 [info]     Uninstalling zipp-3.19.2:
2024-07-19 09:31:44.773 [info]       Successfully uninstalled zipp-3.19.2
2024-07-19 09:31:44.787 [info]   Attempting uninstall: typing-extensions
2024-07-19 09:31:44.787 [info]     Found existing installation: typing_extensions 4.12.2
2024-07-19 09:31:44.789 [info]     Uninstalling typing_extensions-4.12.2:
2024-07-19 09:31:44.795 [info]       Successfully uninstalled typing_extensions-4.12.2
2024-07-19 09:31:45.363 [info]   Attempting uninstall: importlib-metadata
2024-07-19 09:31:45.364 [info]     Found existing installation: importlib_metadata 8.0.0
2024-07-19 09:31:45.366 [info]     Uninstalling importlib_metadata-8.0.0:
2024-07-19 09:31:45.367 [info]       Successfully uninstalled importlib_metadata-8.0.0
2024-07-19 09:31:45.575 [info] Successfully installed attrs-23.1.0 cattrs-23.1.2 docstring-to-markdown-0.12 exceptiongroup-1.1.3 importlib-metadata-6.8.0 jedi-0.19.1 jedi-language-server-0.41.1 lsprotocol-2023.0.0b1 parso-0.8.3 pygls-1.0.2 typeguard-3.0.2 typing-extensions-4.8.0 zipp-3.17.0
2024-07-19 09:31:45.664 [info] CREATE_VENV.PIP_INSTALLED_REQUIREMENTS
2024-07-19 09:32:23.341 [info] Discover tests for workspace name: khatun.avetisyan - uri: /home/khatun.avetisyan/Spyur's codes/utils.py
2024-07-19 09:32:24.998 [info] Discover tests for workspace name: khatun.avetisyan - uri: /home/khatun.avetisyan/Spyur's codes/utils.py
2024-07-19 09:32:28.345 [info] Discover tests for workspace name: khatun.avetisyan - uri: /home/khatun.avetisyan/Spyur's codes/utils.py
2024-07-19 09:32:30.549 [info] Discover tests for workspace name: khatun.avetisyan - uri: /home/khatun.avetisyan/Spyur's codes/main.py
2024-07-19 09:32:31.895 [info] Discover tests for workspace name: khatun.avetisyan - uri: /home/khatun.avetisyan/Spyur's codes/company_links.py
2024-07-19 09:32:51.664 [info] Environments refresh finished (event): 4 milliseconds
2024-07-19 09:32:51.664 [info] Environments refresh paths discovered: 4 milliseconds
2024-07-19 09:32:51.666 [warning] Failed to check if /home/khatun.avetisyan/.venv/bin/python is an executable [Error: ENOENT: no such file or directory, lstat '/home/khatun.avetisyan/.venv/bin/python'] {
  errno: -2,
  code: 'ENOENT',
  syscall: 'lstat',
  path: '/home/khatun.avetisyan/.venv/bin/python'
}
2024-07-19 09:32:51.667 [warning] Failed to check if /home/khatun.avetisyan/.venv/bin/python is an executable [Error: ENOENT: no such file or directory, lstat '/home/khatun.avetisyan/.venv/bin/python'] {
  errno: -2,
  code: 'ENOENT',
  syscall: 'lstat',
  path: '/home/khatun.avetisyan/.venv/bin/python'
}
2024-07-19 09:32:51.667 [warning] Failed to check if /home/khatun.avetisyan/.venv/bin/python is an executable [Error: ENOENT: no such file or directory, lstat '/home/khatun.avetisyan/.venv/bin/python'] {
  errno: -2,
  code: 'ENOENT',
  syscall: 'lstat',
  path: '/home/khatun.avetisyan/.venv/bin/python'
}
2024-07-19 09:32:51.669 [warning] Failed to check if /home/khatun.avetisyan/.venv/bin/python is an executable [Error: ENOENT: no such file or directory, lstat '/home/khatun.avetisyan/.venv/bin/python'] {
  errno: -2,
  code: 'ENOENT',
  syscall: 'lstat',
  path: '/home/khatun.avetisyan/.venv/bin/python'
}
2024-07-19 09:32:51.671 [warning] Failed to check if /home/khatun.avetisyan/.venv/bin/python is an executable [Error: ENOENT: no such file or directory, lstat '/home/khatun.avetisyan/.venv/bin/python'] {
  errno: -2,
  code: 'ENOENT',
  syscall: 'lstat',
  path: '/home/khatun.avetisyan/.venv/bin/python'
}
2024-07-19 09:32:51.672 [warning] Identifier for virt-virtualenv failed to identify /home/khatun.avetisyan/.venv/bin/python [Error: ENOENT: no such file or directory, scandir '/home/khatun.avetisyan/.venv/bin'] {
  errno: -2,
  code: 'ENOENT',
  syscall: 'scandir',
  path: '/home/khatun.avetisyan/.venv/bin'
}
2024-07-19 09:32:51.672 [warning] Identifier for virt-virtualenv failed to identify /home/khatun.avetisyan/.venv/bin/python [Error: ENOENT: no such file or directory, scandir '/home/khatun.avetisyan/.venv/bin'] {
  errno: -2,
  code: 'ENOENT',
  syscall: 'scandir',
  path: '/home/khatun.avetisyan/.venv/bin'
}
2024-07-19 09:32:51.672 [warning] Identifier for virt-virtualenv failed to identify /home/khatun.avetisyan/.venv/bin/python [Error: ENOENT: no such file or directory, scandir '/home/khatun.avetisyan/.venv/bin'] {
  errno: -2,
  code: 'ENOENT',
  syscall: 'scandir',
  path: '/home/khatun.avetisyan/.venv/bin'
}
2024-07-19 09:32:51.676 [warning] Identifier for virt-virtualenv failed to identify /home/khatun.avetisyan/.venv/bin/python [Error: ENOENT: no such file or directory, scandir '/home/khatun.avetisyan/.venv/bin'] {
  errno: -2,
  code: 'ENOENT',
  syscall: 'scandir',
  path: '/home/khatun.avetisyan/.venv/bin'
}
2024-07-19 09:32:51.677 [warning] Identifier for virt-virtualenv failed to identify /home/khatun.avetisyan/.venv/bin/python [Error: ENOENT: no such file or directory, scandir '/home/khatun.avetisyan/.venv/bin'] {
  errno: -2,
  code: 'ENOENT',
  syscall: 'scandir',
  path: '/home/khatun.avetisyan/.venv/bin'
}
2024-07-19 09:32:51.681 [info] > ./.venv/bin/python -I ./.vscode-server/extensions/ms-python.python-2024.10.0-linux-x64/python_files/get_output_via_markers.py ./.vscode-server/extensions/ms-python.python-2024.10.0-linux-x64/python_files/interpreterInfo.py
2024-07-19 09:32:51.683 [error] [Error: Command failed: /home/khatun.avetisyan/.venv/bin/python -I /home/khatun.avetisyan/.vscode-server/extensions/ms-python.python-2024.10.0-linux-x64/python_files/get_output_via_markers.py /home/khatun.avetisyan/.vscode-server/extensions/ms-python.python-2024.10.0-linux-x64/python_files/interpreterInfo.py
/bin/sh: 1: /home/khatun.avetisyan/.venv/bin/python: not found

	at ChildProcess.exithandler (node:child_process:422:12)
	at ChildProcess.emit (node:events:530:35)
	at maybeClose (node:internal/child_process:1105:16)
	at Socket.<anonymous> (node:internal/child_process:457:11)
	at Socket.emit (node:events:518:28)
	at Pipe.<anonymous> (node:net:337:12)] {
  code: 127,
  killed: false,
  signal: null,
  cmd: '/home/khatun.avetisyan/.venv/bin/python -I /home/khatun.avetisyan/.vscode-server/extensions/ms-python.python-2024.10.0-linux-x64/python_files/get_output_via_markers.py /home/khatun.avetisyan/.vscode-server/extensions/ms-python.python-2024.10.0-linux-x64/python_files/interpreterInfo.py'
}
2024-07-19 09:32:53.687 [info] > ./.venv/bin/python -I ./.vscode-server/extensions/ms-python.python-2024.10.0-linux-x64/python_files/get_output_via_markers.py ./.vscode-server/extensions/ms-python.python-2024.10.0-linux-x64/python_files/interpreterInfo.py
2024-07-19 09:32:53.689 [error] [Error: Command failed: /home/khatun.avetisyan/.venv/bin/python -I /home/khatun.avetisyan/.vscode-server/extensions/ms-python.python-2024.10.0-linux-x64/python_files/get_output_via_markers.py /home/khatun.avetisyan/.vscode-server/extensions/ms-python.python-2024.10.0-linux-x64/python_files/interpreterInfo.py
/bin/sh: 1: /home/khatun.avetisyan/.venv/bin/python: not found

	at ChildProcess.exithandler (node:child_process:422:12)
	at ChildProcess.emit (node:events:530:35)
	at maybeClose (node:internal/child_process:1105:16)
	at ChildProcess._handle.onexit (node:internal/child_process:305:5)] {
  code: 127,
  killed: false,
  signal: null,
  cmd: '/home/khatun.avetisyan/.venv/bin/python -I /home/khatun.avetisyan/.vscode-server/extensions/ms-python.python-2024.10.0-linux-x64/python_files/get_output_via_markers.py /home/khatun.avetisyan/.vscode-server/extensions/ms-python.python-2024.10.0-linux-x64/python_files/interpreterInfo.py'
}
2024-07-19 09:32:53.693 [warning] Failed to check if /home/khatun.avetisyan/.venv/bin/python is an executable [Error: ENOENT: no such file or directory, lstat '/home/khatun.avetisyan/.venv/bin/python'] {
  errno: -2,
  code: 'ENOENT',
  syscall: 'lstat',
  path: '/home/khatun.avetisyan/.venv/bin/python'
}
2024-07-19 09:32:53.694 [warning] Failed to check if /home/khatun.avetisyan/.venv/bin/python is an executable [Error: ENOENT: no such file or directory, lstat '/home/khatun.avetisyan/.venv/bin/python'] {
  errno: -2,
  code: 'ENOENT',
  syscall: 'lstat',
  path: '/home/khatun.avetisyan/.venv/bin/python'
}
2024-07-19 09:32:53.694 [warning] Failed to check if /home/khatun.avetisyan/.venv/bin/python is an executable [Error: ENOENT: no such file or directory, lstat '/home/khatun.avetisyan/.venv/bin/python'] {
  errno: -2,
  code: 'ENOENT',
  syscall: 'lstat',
  path: '/home/khatun.avetisyan/.venv/bin/python'
}
2024-07-19 09:32:53.695 [warning] Failed to check if /home/khatun.avetisyan/.venv/bin/python is an executable [Error: ENOENT: no such file or directory, lstat '/home/khatun.avetisyan/.venv/bin/python'] {
  errno: -2,
  code: 'ENOENT',
  syscall: 'lstat',
  path: '/home/khatun.avetisyan/.venv/bin/python'
}
2024-07-19 09:32:53.696 [warning] Identifier for virt-virtualenv failed to identify /home/khatun.avetisyan/.venv/bin/python [Error: ENOENT: no such file or directory, scandir '/home/khatun.avetisyan/.venv/bin'] {
  errno: -2,
  code: 'ENOENT',
  syscall: 'scandir',
  path: '/home/khatun.avetisyan/.venv/bin'
}
2024-07-19 09:32:53.696 [warning] Identifier for virt-virtualenv failed to identify /home/khatun.avetisyan/.venv/bin/python [Error: ENOENT: no such file or directory, scandir '/home/khatun.avetisyan/.venv/bin'] {
  errno: -2,
  code: 'ENOENT',
  syscall: 'scandir',
  path: '/home/khatun.avetisyan/.venv/bin'
}
2024-07-19 09:32:53.697 [warning] Identifier for virt-virtualenv failed to identify /home/khatun.avetisyan/.venv/bin/python [Error: ENOENT: no such file or directory, scandir '/home/khatun.avetisyan/.venv/bin'] {
  errno: -2,
  code: 'ENOENT',
  syscall: 'scandir',
  path: '/home/khatun.avetisyan/.venv/bin'
}
2024-07-19 09:32:53.700 [warning] Identifier for virt-virtualenv failed to identify /home/khatun.avetisyan/.venv/bin/python [Error: ENOENT: no such file or directory, scandir '/home/khatun.avetisyan/.venv/bin'] {
  errno: -2,
  code: 'ENOENT',
  syscall: 'scandir',
  path: '/home/khatun.avetisyan/.venv/bin'
}
2024-07-19 09:32:53.704 [warning] Failed to check if /home/khatun.avetisyan/.venv/bin/python is an executable [Error: ENOENT: no such file or directory, lstat '/home/khatun.avetisyan/.venv/bin/python'] {
  errno: -2,
  code: 'ENOENT',
  syscall: 'lstat',
  path: '/home/khatun.avetisyan/.venv/bin/python'
}
2024-07-19 09:32:53.707 [warning] Identifier for virt-virtualenv failed to identify /home/khatun.avetisyan/.venv/bin/python [Error: ENOENT: no such file or directory, scandir '/home/khatun.avetisyan/.venv/bin'] {
  errno: -2,
  code: 'ENOENT',
  syscall: 'scandir',
  path: '/home/khatun.avetisyan/.venv/bin'
}
2024-07-19 09:32:54.089 [warning] Failed to check if /home/khatun.avetisyan/.venv/bin/python is an executable [Error: ENOENT: no such file or directory, lstat '/home/khatun.avetisyan/.venv/bin/python'] {
  errno: -2,
  code: 'ENOENT',
  syscall: 'lstat',
  path: '/home/khatun.avetisyan/.venv/bin/python'
}
2024-07-19 09:32:54.093 [warning] Identifier for virt-virtualenv failed to identify /home/khatun.avetisyan/.venv/bin/python [Error: ENOENT: no such file or directory, scandir '/home/khatun.avetisyan/.venv/bin'] {
  errno: -2,
  code: 'ENOENT',
  syscall: 'scandir',
  path: '/home/khatun.avetisyan/.venv/bin'
}
2024-07-19 09:32:56.901 [warning] Failed to check if /home/khatun.avetisyan/.venv/bin/python is an executable [Error: ENOENT: no such file or directory, lstat '/home/khatun.avetisyan/.venv/bin/python'] {
  errno: -2,
  code: 'ENOENT',
  syscall: 'lstat',
  path: '/home/khatun.avetisyan/.venv/bin/python'
}
2024-07-19 09:32:56.904 [warning] Identifier for virt-virtualenv failed to identify /home/khatun.avetisyan/.venv/bin/python [Error: ENOENT: no such file or directory, scandir '/home/khatun.avetisyan/.venv/bin'] {
  errno: -2,
  code: 'ENOENT',
  syscall: 'scandir',
  path: '/home/khatun.avetisyan/.venv/bin'
}
2024-07-19 09:32:59.392 [warning] Failed to check if /home/khatun.avetisyan/.venv/bin/python is an executable [Error: ENOENT: no such file or directory, lstat '/home/khatun.avetisyan/.venv/bin/python'] {
  errno: -2,
  code: 'ENOENT',
  syscall: 'lstat',
  path: '/home/khatun.avetisyan/.venv/bin/python'
}
2024-07-19 09:32:59.403 [warning] Identifier for virt-virtualenv failed to identify /home/khatun.avetisyan/.venv/bin/python [Error: ENOENT: no such file or directory, scandir '/home/khatun.avetisyan/.venv/bin'] {
  errno: -2,
  code: 'ENOENT',
  syscall: 'scandir',
  path: '/home/khatun.avetisyan/.venv/bin'
}
2024-07-19 09:32:59.888 [warning] Failed to check if /home/khatun.avetisyan/.venv/bin/python is an executable [Error: ENOENT: no such file or directory, lstat '/home/khatun.avetisyan/.venv/bin/python'] {
  errno: -2,
  code: 'ENOENT',
  syscall: 'lstat',
  path: '/home/khatun.avetisyan/.venv/bin/python'
}
2024-07-19 09:32:59.889 [warning] Identifier for virt-virtualenv failed to identify /home/khatun.avetisyan/.venv/bin/python [Error: ENOENT: no such file or directory, scandir '/home/khatun.avetisyan/.venv/bin'] {
  errno: -2,
  code: 'ENOENT',
  syscall: 'scandir',
  path: '/home/khatun.avetisyan/.venv/bin'
}
2024-07-19 09:34:02.711 [warning] Failed to check if /home/khatun.avetisyan/.venv/bin/python is an executable [Error: ENOENT: no such file or directory, lstat '/home/khatun.avetisyan/.venv/bin/python'] {
  errno: -2,
  code: 'ENOENT',
  syscall: 'lstat',
  path: '/home/khatun.avetisyan/.venv/bin/python'
}
2024-07-19 09:34:02.715 [warning] Identifier for virt-virtualenv failed to identify /home/khatun.avetisyan/.venv/bin/python [Error: ENOENT: no such file or directory, scandir '/home/khatun.avetisyan/.venv/bin'] {
  errno: -2,
  code: 'ENOENT',
  syscall: 'scandir',
  path: '/home/khatun.avetisyan/.venv/bin'
}
2024-07-19 09:34:23.091 [warning] Failed to check if /home/khatun.avetisyan/.venv/bin/python is an executable [Error: ENOENT: no such file or directory, lstat '/home/khatun.avetisyan/.venv/bin/python'] {
  errno: -2,
  code: 'ENOENT',
  syscall: 'lstat',
  path: '/home/khatun.avetisyan/.venv/bin/python'
}
2024-07-19 09:34:23.093 [warning] Identifier for virt-virtualenv failed to identify /home/khatun.avetisyan/.venv/bin/python [Error: ENOENT: no such file or directory, scandir '/home/khatun.avetisyan/.venv/bin'] {
  errno: -2,
  code: 'ENOENT',
  syscall: 'scandir',
  path: '/home/khatun.avetisyan/.venv/bin'
}
2024-07-19 09:34:44.729 [warning] Failed to check if /home/khatun.avetisyan/.venv/bin/python is an executable [Error: ENOENT: no such file or directory, lstat '/home/khatun.avetisyan/.venv/bin/python'] {
  errno: -2,
  code: 'ENOENT',
  syscall: 'lstat',
  path: '/home/khatun.avetisyan/.venv/bin/python'
}
2024-07-19 09:34:44.733 [warning] Identifier for virt-virtualenv failed to identify /home/khatun.avetisyan/.venv/bin/python [Error: ENOENT: no such file or directory, scandir '/home/khatun.avetisyan/.venv/bin'] {
  errno: -2,
  code: 'ENOENT',
  syscall: 'scandir',
  path: '/home/khatun.avetisyan/.venv/bin'
}
2024-07-19 09:35:00.367 [info] Discover tests for workspace name: khatun.avetisyan - uri: /home/khatun.avetisyan/Spyur's codes/main.py
2024-07-19 09:35:05.247 [warning] Failed to check if /home/khatun.avetisyan/.venv/bin/python is an executable [Error: ENOENT: no such file or directory, lstat '/home/khatun.avetisyan/.venv/bin/python'] {
  errno: -2,
  code: 'ENOENT',
  syscall: 'lstat',
  path: '/home/khatun.avetisyan/.venv/bin/python'
}
2024-07-19 09:35:05.249 [warning] Identifier for virt-virtualenv failed to identify /home/khatun.avetisyan/.venv/bin/python [Error: ENOENT: no such file or directory, scandir '/home/khatun.avetisyan/.venv/bin'] {
  errno: -2,
  code: 'ENOENT',
  syscall: 'scandir',
  path: '/home/khatun.avetisyan/.venv/bin'
}
2024-07-19 09:35:05.253 [warning] Failed to check if /home/khatun.avetisyan/.venv/bin/python is an executable [Error: ENOENT: no such file or directory, lstat '/home/khatun.avetisyan/.venv/bin/python'] {
  errno: -2,
  code: 'ENOENT',
  syscall: 'lstat',
  path: '/home/khatun.avetisyan/.venv/bin/python'
}
2024-07-19 09:35:05.254 [warning] Identifier for virt-virtualenv failed to identify /home/khatun.avetisyan/.venv/bin/python [Error: ENOENT: no such file or directory, scandir '/home/khatun.avetisyan/.venv/bin'] {
  errno: -2,
  code: 'ENOENT',
  syscall: 'scandir',
  path: '/home/khatun.avetisyan/.venv/bin'
}
2024-07-19 09:35:08.551 [warning] Failed to check if /home/khatun.avetisyan/.venv/bin/python is an executable [Error: ENOENT: no such file or directory, lstat '/home/khatun.avetisyan/.venv/bin/python'] {
  errno: -2,
  code: 'ENOENT',
  syscall: 'lstat',
  path: '/home/khatun.avetisyan/.venv/bin/python'
}
2024-07-19 09:35:08.553 [warning] Identifier for virt-virtualenv failed to identify /home/khatun.avetisyan/.venv/bin/python [Error: ENOENT: no such file or directory, scandir '/home/khatun.avetisyan/.venv/bin'] {
  errno: -2,
  code: 'ENOENT',
  syscall: 'scandir',
  path: '/home/khatun.avetisyan/.venv/bin'
}
2024-07-19 09:35:11.886 [info] Selected workspace /home/khatun.avetisyan for creating virtual environment.
2024-07-19 09:35:11.888 [warning] Failed to check if /home/khatun.avetisyan/.venv/bin/python is an executable [Error: ENOENT: no such file or directory, lstat '/home/khatun.avetisyan/.venv/bin/python'] {
  errno: -2,
  code: 'ENOENT',
  syscall: 'lstat',
  path: '/home/khatun.avetisyan/.venv/bin/python'
}
2024-07-19 09:35:11.889 [warning] Identifier for virt-virtualenv failed to identify /home/khatun.avetisyan/.venv/bin/python [Error: ENOENT: no such file or directory, scandir '/home/khatun.avetisyan/.venv/bin'] {
  errno: -2,
  code: 'ENOENT',
  syscall: 'scandir',
  path: '/home/khatun.avetisyan/.venv/bin'
}
2024-07-19 09:35:12.963 [info] Selected interpreter /usr/bin/python3 for creating virtual environment.
2024-07-19 09:35:15.744 [info] Running Env creation script:  [
  '/usr/bin/python3',
  '/home/khatun.avetisyan/.vscode-server/extensions/ms-python.python-2024.10.0-linux-x64/python_files/create_venv.py',
  '--git-ignore',
  '--requirements',
  '/home/khatun.avetisyan/.vscode-server/extensions/ms-python.python-2024.10.0-linux-x64/requirements.txt',
  '--requirements',
  '/home/khatun.avetisyan/.vscode-server/extensions/ms-python.python-2024.10.0-linux-x64/python_files/jedilsp_requirements/requirements.txt'
]
2024-07-19 09:35:15.744 [info] > /usr/bin/python3 ./.vscode-server/extensions/ms-python.python-2024.10.0-linux-x64/python_files/create_venv.py --git-ignore --requirements ./.vscode-server/extensions/ms-python.python-2024.10.0-linux-x64/requirements.txt --requirements ./.vscode-server/extensions/ms-python.python-2024.10.0-linux-x64/python_files/jedilsp_requirements/requirements.txt
2024-07-19 09:35:15.744 [info] cwd: .
2024-07-19 09:35:15.792 [info] Running: /usr/bin/python3 -m venv --without-pip .venv
2024-07-19 09:35:15.829 [info] CREATED_VENV:/home/khatun.avetisyan/.venv/bin/python
2024-07-19 09:35:15.829 [info] Creating: /home/khatun.avetisyan/.venv/.gitignore
CREATE_VENV.DOWNLOADING_PIP
2024-07-19 09:35:15.901 [info] CREATE_VENV.INSTALLING_PIP
Running: /home/khatun.avetisyan/.venv/bin/python /home/khatun.avetisyan/.venv/pip.pyz install pip
2024-07-19 09:35:16.929 [info] Collecting pip
2024-07-19 09:35:16.931 [info]   Using cached pip-24.1.2-py3-none-any.whl.metadata (3.6 kB)
2024-07-19 09:35:16.934 [info] Using cached pip-24.1.2-py3-none-any.whl (1.8 MB)
2024-07-19 09:35:16.951 [info] Installing collected packages: pip
2024-07-19 09:35:17.057 [info] > ./.venv/bin/python -I ./.vscode-server/extensions/ms-python.python-2024.10.0-linux-x64/python_files/get_output_via_markers.py ./.vscode-server/extensions/ms-python.python-2024.10.0-linux-x64/python_files/interpreterInfo.py
2024-07-19 09:35:17.057 [info] Environments refresh paths discovered: 9 milliseconds
2024-07-19 09:35:17.088 [info] Environments refresh finished (event): 40 milliseconds
2024-07-19 09:35:17.611 [info] Successfully installed pip-24.1.2
2024-07-19 09:35:17.691 [info] VENV_INSTALLING_REQUIREMENTS: ['/home/khatun.avetisyan/.vscode-server/extensions/ms-python.python-2024.10.0-linux-x64/requirements.txt', '/home/khatun.avetisyan/.vscode-server/extensions/ms-python.python-2024.10.0-linux-x64/python_files/jedilsp_requirements/requirements.txt']
VENV_INSTALLING_REQUIREMENTS: /home/khatun.avetisyan/.vscode-server/extensions/ms-python.python-2024.10.0-linux-x64/requirements.txt
Running: /home/khatun.avetisyan/.venv/bin/python -m pip install -r /home/khatun.avetisyan/.vscode-server/extensions/ms-python.python-2024.10.0-linux-x64/requirements.txt
2024-07-19 09:35:18.090 [info] Collecting importlib-metadata==8.0.0 (from -r /home/khatun.avetisyan/.vscode-server/extensions/ms-python.python-2024.10.0-linux-x64/requirements.txt (line 7))
2024-07-19 09:35:18.092 [info]   Using cached importlib_metadata-8.0.0-py3-none-any.whl (24 kB)
2024-07-19 09:35:18.118 [info] Collecting microvenv==2023.5.post1 (from -r /home/khatun.avetisyan/.vscode-server/extensions/ms-python.python-2024.10.0-linux-x64/requirements.txt (line 11))
2024-07-19 09:35:18.120 [info]   Using cached microvenv-2023.5.post1-py3-none-any.whl (8.2 kB)
2024-07-19 09:35:18.169 [info] Collecting packaging==24.1 (from -r /home/khatun.avetisyan/.vscode-server/extensions/ms-python.python-2024.10.0-linux-x64/requirements.txt (line 15))
2024-07-19 09:35:18.170 [info]   Using cached packaging-24.1-py3-none-any.whl (53 kB)
2024-07-19 09:35:18.194 [info] Collecting tomli==2.0.1 (from -r /home/khatun.avetisyan/.vscode-server/extensions/ms-python.python-2024.10.0-linux-x64/requirements.txt (line 19))
2024-07-19 09:35:18.196 [info]   Using cached tomli-2.0.1-py3-none-any.whl (12 kB)
2024-07-19 09:35:18.223 [info] Collecting typing-extensions==4.12.2 (from -r /home/khatun.avetisyan/.vscode-server/extensions/ms-python.python-2024.10.0-linux-x64/requirements.txt (line 23))
2024-07-19 09:35:18.225 [info]   Using cached typing_extensions-4.12.2-py3-none-any.whl (37 kB)
2024-07-19 09:35:18.258 [info] Collecting zipp==3.19.2 (from -r /home/khatun.avetisyan/.vscode-server/extensions/ms-python.python-2024.10.0-linux-x64/requirements.txt (line 27))
2024-07-19 09:35:18.259 [info]   Using cached zipp-3.19.2-py3-none-any.whl (9.0 kB)
2024-07-19 09:35:18.283 [info] Installing collected packages: zipp, typing-extensions, tomli, packaging, microvenv, importlib-metadata
2024-07-19 09:35:18.404 [info] Successfully installed importlib-metadata-8.0.0 microvenv-2023.5.post1 packaging-24.1 tomli-2.0.1 typing-extensions-4.12.2 zipp-3.19.2
2024-07-19 09:35:18.489 [info] VENV_INSTALLING_REQUIREMENTS: /home/khatun.avetisyan/.vscode-server/extensions/ms-python.python-2024.10.0-linux-x64/python_files/jedilsp_requirements/requirements.txt
Running: /home/khatun.avetisyan/.venv/bin/python -m pip install -r /home/khatun.avetisyan/.vscode-server/extensions/ms-python.python-2024.10.0-linux-x64/python_files/jedilsp_requirements/requirements.txt
2024-07-19 09:35:18.858 [info] Collecting attrs==23.1.0 (from -r /home/khatun.avetisyan/.vscode-server/extensions/ms-python.python-2024.10.0-linux-x64/python_files/jedilsp_requirements/requirements.txt (line 7))
2024-07-19 09:35:18.860 [info]   Using cached attrs-23.1.0-py3-none-any.whl (61 kB)
2024-07-19 09:35:18.891 [info] Collecting cattrs==23.1.2 (from -r /home/khatun.avetisyan/.vscode-server/extensions/ms-python.python-2024.10.0-linux-x64/python_files/jedilsp_requirements/requirements.txt (line 13))
2024-07-19 09:35:18.893 [info]   Using cached cattrs-23.1.2-py3-none-any.whl (50 kB)
2024-07-19 09:35:18.919 [info] Collecting docstring-to-markdown==0.12 (from -r /home/khatun.avetisyan/.vscode-server/extensions/ms-python.python-2024.10.0-linux-x64/python_files/jedilsp_requirements/requirements.txt (line 19))
2024-07-19 09:35:18.921 [info]   Using cached docstring_to_markdown-0.12-py3-none-any.whl (18 kB)
2024-07-19 09:35:18.945 [info] Collecting exceptiongroup==1.1.3 (from -r /home/khatun.avetisyan/.vscode-server/extensions/ms-python.python-2024.10.0-linux-x64/python_files/jedilsp_requirements/requirements.txt (line 23))
2024-07-19 09:35:18.946 [info]   Using cached exceptiongroup-1.1.3-py3-none-any.whl (14 kB)
2024-07-19 09:35:19.022 [info] Collecting importlib-metadata==6.8.0 (from -r /home/khatun.avetisyan/.vscode-server/extensions/ms-python.python-2024.10.0-linux-x64/python_files/jedilsp_requirements/requirements.txt (line 27))
2024-07-19 09:35:19.024 [info]   Using cached importlib_metadata-6.8.0-py3-none-any.whl (22 kB)
2024-07-19 09:35:19.057 [info] Collecting jedi==0.19.1 (from -r /home/khatun.avetisyan/.vscode-server/extensions/ms-python.python-2024.10.0-linux-x64/python_files/jedilsp_requirements/requirements.txt (line 31))
2024-07-19 09:35:19.059 [info]   Using cached jedi-0.19.1-py2.py3-none-any.whl (1.6 MB)
2024-07-19 09:35:19.133 [info] Collecting jedi-language-server==0.41.1 (from -r /home/khatun.avetisyan/.vscode-server/extensions/ms-python.python-2024.10.0-linux-x64/python_files/jedilsp_requirements/requirements.txt (line 35))
2024-07-19 09:35:19.135 [info]   Using cached jedi_language_server-0.41.1-py3-none-any.whl (27 kB)
2024-07-19 09:35:19.161 [info] Collecting lsprotocol==2023.0.0b1 (from -r /home/khatun.avetisyan/.vscode-server/extensions/ms-python.python-2024.10.0-linux-x64/python_files/jedilsp_requirements/requirements.txt (line 39))
2024-07-19 09:35:19.163 [info]   Using cached lsprotocol-2023.0.0b1-py3-none-any.whl (70 kB)
2024-07-19 09:35:19.188 [info] Collecting parso==0.8.3 (from -r /home/khatun.avetisyan/.vscode-server/extensions/ms-python.python-2024.10.0-linux-x64/python_files/jedilsp_requirements/requirements.txt (line 45))
2024-07-19 09:35:19.190 [info]   Using cached parso-0.8.3-py2.py3-none-any.whl (100 kB)
2024-07-19 09:35:19.221 [info] Collecting pygls==1.0.2 (from -r /home/khatun.avetisyan/.vscode-server/extensions/ms-python.python-2024.10.0-linux-x64/python_files/jedilsp_requirements/requirements.txt (line 49))
2024-07-19 09:35:19.223 [info]   Using cached pygls-1.0.2-py3-none-any.whl (38 kB)
2024-07-19 09:35:19.261 [info] Collecting typeguard==3.0.2 (from -r /home/khatun.avetisyan/.vscode-server/extensions/ms-python.python-2024.10.0-linux-x64/python_files/jedilsp_requirements/requirements.txt (line 55))
2024-07-19 09:35:19.263 [info]   Using cached typeguard-3.0.2-py3-none-any.whl (30 kB)
2024-07-19 09:35:19.293 [info] Collecting typing-extensions==4.8.0 (from -r /home/khatun.avetisyan/.vscode-server/extensions/ms-python.python-2024.10.0-linux-x64/python_files/jedilsp_requirements/requirements.txt (line 59))
2024-07-19 09:35:19.295 [info]   Using cached typing_extensions-4.8.0-py3-none-any.whl (31 kB)
2024-07-19 09:35:19.329 [info] Collecting zipp==3.17.0 (from -r /home/khatun.avetisyan/.vscode-server/extensions/ms-python.python-2024.10.0-linux-x64/python_files/jedilsp_requirements/requirements.txt (line 66))
2024-07-19 09:35:19.331 [info]   Using cached zipp-3.17.0-py3-none-any.whl (7.4 kB)
2024-07-19 09:35:19.437 [info] Installing collected packages: zipp, typing-extensions, parso, exceptiongroup, docstring-to-markdown, attrs, jedi, importlib-metadata, cattrs, typeguard, lsprotocol, pygls, jedi-language-server
2024-07-19 09:35:19.437 [info]   Attempting uninstall: zipp
2024-07-19 09:35:19.437 [info]     Found existing installation: zipp 3.19.2
2024-07-19 09:35:19.439 [info]     Uninstalling zipp-3.19.2:
2024-07-19 09:35:19.440 [info]       Successfully uninstalled zipp-3.19.2
2024-07-19 09:35:19.454 [info]   Attempting uninstall: typing-extensions
2024-07-19 09:35:19.455 [info]     Found existing installation: typing_extensions 4.12.2
2024-07-19 09:35:19.456 [info]     Uninstalling typing_extensions-4.12.2:
2024-07-19 09:35:19.462 [info]       Successfully uninstalled typing_extensions-4.12.2
2024-07-19 09:35:20.041 [info]   Attempting uninstall: importlib-metadata
2024-07-19 09:35:20.041 [info]     Found existing installation: importlib_metadata 8.0.0
2024-07-19 09:35:20.044 [info]     Uninstalling importlib_metadata-8.0.0:
2024-07-19 09:35:20.045 [info]       Successfully uninstalled importlib_metadata-8.0.0
2024-07-19 09:35:20.254 [info] Successfully installed attrs-23.1.0 cattrs-23.1.2 docstring-to-markdown-0.12 exceptiongroup-1.1.3 importlib-metadata-6.8.0 jedi-0.19.1 jedi-language-server-0.41.1 lsprotocol-2023.0.0b1 parso-0.8.3 pygls-1.0.2 typeguard-3.0.2 typing-extensions-4.8.0 zipp-3.17.0
2024-07-19 09:35:20.340 [info] CREATE_VENV.PIP_INSTALLED_REQUIREMENTS
2024-07-19 09:35:26.833 [info] Send text to terminal: /home/khatun.avetisyan/.venv/bin/python "/home/khatun.avetisyan/Spyur's codes/main.py"
2024-07-19 09:35:26.930 [info] CreateEnv Trigger - Skipping for /home/khatun.avetisyan/Spyur's codes/main.py
2024-07-19 09:35:59.553 [info] Send text to terminal: /home/khatun.avetisyan/.venv/bin/python "/home/khatun.avetisyan/Spyur's codes/main.py"
2024-07-19 09:35:59.732 [info] Discover tests for workspace name: khatun.avetisyan - uri: /home/khatun.avetisyan/Spyur's codes/main.py
2024-07-19 09:36:58.315 [info] Discover tests for workspace name: khatun.avetisyan - uri: /home/khatun.avetisyan
2024-07-19 09:36:58.315 [info] Python interpreter path: /usr/bin/python3
2024-07-19 09:36:58.315 [warning] could not find a pixi interpreter for the interpreter at /usr/bin/python3
2024-07-19 09:37:04.199 [info] Selected workspace /home/khatun.avetisyan for creating virtual environment.
2024-07-19 09:37:05.894 [info] Selected interpreter /home/khatun.avetisyan/.venv/bin/python for creating virtual environment.
2024-07-19 09:37:05.989 [info] Discover tests for workspace name: khatun.avetisyan - uri: /home/khatun.avetisyan
2024-07-19 09:37:05.989 [info] Python interpreter path: ./.venv/bin/python
2024-07-19 09:37:05.990 [warning] could not find a pixi interpreter for the interpreter at /home/khatun.avetisyan/.venv/bin/python
2024-07-19 09:37:06.188 [info] > . ./.venv/bin/activate && echo 'e8b39361-0157-4923-80e1-22d70d46dee6' && python ./.vscode-server/extensions/ms-python.python-2024.10.0-linux-x64/python_files/printEnvVariables.py
2024-07-19 09:37:06.188 [info] shell: bash
2024-07-19 09:37:06.222 [info] Setting environment variable VIRTUAL_ENV in collection to /home/khatun.avetisyan/.venv {"applyAtShellIntegration":true,"applyAtProcessCreation":true}
2024-07-19 09:37:06.222 [info] Prepending environment variable PS1 in collection with (.venv)  {"applyAtShellIntegration":true,"applyAtProcessCreation":false}
2024-07-19 09:37:06.222 [info] Prepending environment variable PATH in collection with /home/khatun.avetisyan/.vscode-server/extensions/ms-python.python-2024.10.0-linux-x64/python_files/deactivate/bash:/home/khatun.avetisyan/.venv/bin: {"applyAtShellIntegration":true,"applyAtProcessCreation":true}
2024-07-19 09:41:22.960 [info] Selected workspace /home/khatun.avetisyan for creating virtual environment.
2024-07-19 09:41:24.866 [info] Selected interpreter /home/khatun.avetisyan/.venv/bin/python for creating virtual environment.
2024-07-19 09:41:51.749 [info] Discover tests for workspace name: khatun.avetisyan - uri: /home/khatun.avetisyan/Spyur's codes/utils.py
2024-07-19 09:44:39.865 [info] Send text to terminal: /home/khatun.avetisyan/.venv/bin/python "/home/khatun.avetisyan/Spyur's codes/utils.py"
